Flow report for usbdownload
Fri Apr 30 13:25:51 2021
Quartus II Version 9.0 Build 184 04/29/2009 Service Pack 1 SJ Web Edition


---------------------
; Table of Contents ;
---------------------
  1. Legal Notice
  2. Flow Summary
  3. Flow Settings
  4. Flow Non-Default Global Settings
  5. Flow Elapsed Time
  6. Flow OS Summary
  7. Flow Log



----------------
; Legal Notice ;
----------------
Copyright (C) 1991-2009 Altera Corporation
Your use of Altera Corporation's design tools, logic functions 
and other software and tools, and its AMPP partner logic 
functions, and any output files from any of the foregoing 
(including device programming or simulation files), and any 
associated documentation or information are expressly subject 
to the terms and conditions of the Altera Program License 
Subscription Agreement, Altera MegaCore Function License 
Agreement, or other applicable license agreement, including, 
without limitation, that your use is for the sole purpose of 
programming logic devices manufactured by Altera and sold by 
Altera or its authorized distributors.  Please refer to the 
applicable agreement for further details.



+------------------------------------------------------------------------+
; Flow Summary                                                           ;
+-------------------------+----------------------------------------------+
; Flow Status             ; Successful - Fri Apr 30 13:25:51 2021        ;
; Quartus II Version      ; 9.0 Build 184 04/29/2009 SP 1 SJ Web Edition ;
; Revision Name           ; usbdownload                                  ;
; Top-level Entity Name   ; usbdownload                                  ;
; Family                  ; FLEX10K                                      ;
; Device                  ; EPF10K70RC240-3                              ;
; Timing Models           ; Final                                        ;
; Met timing requirements ; Yes                                          ;
; Total logic elements    ; 8 / 3,744 ( < 1 % )                          ;
; Total pins              ; 5 / 189 ( 3 % )                              ;
; Total memory bits       ; 0 / 18,432 ( 0 % )                           ;
+-------------------------+----------------------------------------------+


+-----------------------------------------+
; Flow Settings                           ;
+-------------------+---------------------+
; Option            ; Setting             ;
+-------------------+---------------------+
; Start date & time ; 04/30/2021 13:25:46 ;
; Main task         ; Compilation         ;
; Revision Name     ; usbdownload         ;
+-------------------+---------------------+


+------------------------------------------------------------------------------------------------------------------+
; Flow Non-Default Global Settings                                                                                 ;
+------------------------------------+------------------------------+---------------+-------------+----------------+
; Assignment Name                    ; Value                        ; Default Value ; Entity Name ; Section Id     ;
+------------------------------------+------------------------------+---------------+-------------+----------------+
; COMPILER_SIGNATURE_ID              ; 186419597866.161976034604504 ; --            ; --          ; --             ;
; MAX_CORE_JUNCTION_TEMP             ; 85                           ; --            ; --          ; --             ;
; MIN_CORE_JUNCTION_TEMP             ; 0                            ; --            ; --          ; --             ;
; USE_GENERATED_PHYSICAL_CONSTRAINTS ; Off                          ; --            ; --          ; eda_blast_fpga ;
+------------------------------------+------------------------------+---------------+-------------+----------------+


+-----------------------------------------------------------------------------------------------------------------------------+
; Flow Elapsed Time                                                                                                           ;
+-------------------------+--------------+-------------------------+---------------------+------------------------------------+
; Module Name             ; Elapsed Time ; Average Processors Used ; Peak Virtual Memory ; Total CPU Time (on all processors) ;
+-------------------------+--------------+-------------------------+---------------------+------------------------------------+
; Analysis & Synthesis    ; 00:00:01     ; 1.0                     ; 246 MB              ; 00:00:01                           ;
; Fitter                  ; 00:00:01     ; 1.0                     ; 228 MB              ; 00:00:01                           ;
; Assembler               ; 00:00:01     ; 1.0                     ; 211 MB              ; 00:00:00                           ;
; Classic Timing Analyzer ; 00:00:00     ; 1.0                     ; 178 MB              ; 00:00:00                           ;
; Total                   ; 00:00:03     ; --                      ; --                  ; 00:00:02                           ;
+-------------------------+--------------+-------------------------+---------------------+------------------------------------+


+------------------------------------------------------------------------------------------+
; Flow OS Summary                                                                          ;
+-------------------------+------------------+---------------+------------+----------------+
; Module Name             ; Machine Hostname ; OS Name       ; OS Version ; Processor type ;
+-------------------------+------------------+---------------+------------+----------------+
; Analysis & Synthesis    ; LAPTOP-P8EMT48L  ; Windows Vista ; 6.2        ; x86_64         ;
; Fitter                  ; LAPTOP-P8EMT48L  ; Windows Vista ; 6.2        ; x86_64         ;
; Assembler               ; LAPTOP-P8EMT48L  ; Windows Vista ; 6.2        ; x86_64         ;
; Classic Timing Analyzer ; LAPTOP-P8EMT48L  ; Windows Vista ; 6.2        ; x86_64         ;
+-------------------------+------------------+---------------+------------+----------------+


------------
; Flow Log ;
------------
quartus_map --read_settings_files=on --write_settings_files=off usbdownload -c usbdownload
quartus_fit --read_settings_files=off --write_settings_files=off usbdownload -c usbdownload
quartus_asm --read_settings_files=off --write_settings_files=off usbdownload -c usbdownload
quartus_tan --read_settings_files=off --write_settings_files=off usbdownload -c usbdownload



