Flow report for scan_led3
Thu Jun 10 20:34:19 2021
Quartus II Version 9.0 Build 184 04/29/2009 Service Pack 1 SJ Web Edition


---------------------
; Table of Contents ;
---------------------
  1. Legal Notice
  2. Flow Summary
  3. Flow Settings
  4. Flow Non-Default Global Settings
  5. Flow Elapsed Time
  6. Flow OS Summary
  7. Flow Log



----------------
; Legal Notice ;
----------------
Copyright (C) 1991-2009 Altera Corporation
Your use of Altera Corporation's design tools, logic functions 
and other software and tools, and its AMPP partner logic 
functions, and any output files from any of the foregoing 
(including device programming or simulation files), and any 
associated documentation or information are expressly subject 
to the terms and conditions of the Altera Program License 
Subscription Agreement, Altera MegaCore Function License 
Agreement, or other applicable license agreement, including, 
without limitation, that your use is for the sole purpose of 
programming logic devices manufactured by Altera and sold by 
Altera or its authorized distributors.  Please refer to the 
applicable agreement for further details.



+------------------------------------------------------------------------------+
; Flow Summary                                                                 ;
+-------------------------------+----------------------------------------------+
; Flow Status                   ; Successful - Thu Jun 10 20:34:19 2021        ;
; Quartus II Version            ; 9.0 Build 184 04/29/2009 SP 1 SJ Web Edition ;
; Revision Name                 ; scan_led3                                    ;
; Top-level Entity Name         ; mux4_3_1                                     ;
; Family                        ; Stratix II                                   ;
; Met timing requirements       ; Yes                                          ;
; Logic utilization             ; < 1 %                                        ;
;     Combinational ALUTs       ; 4 / 12,480 ( < 1 % )                         ;
;     Dedicated logic registers ; 0 / 12,480 ( 0 % )                           ;
; Total registers               ; 0                                            ;
; Total pins                    ; 18 / 343 ( 5 % )                             ;
; Total virtual pins            ; 0                                            ;
; Total block memory bits       ; 0 / 419,328 ( 0 % )                          ;
; DSP block 9-bit elements      ; 0 / 96 ( 0 % )                               ;
; Total PLLs                    ; 0 / 6 ( 0 % )                                ;
; Total DLLs                    ; 0 / 2 ( 0 % )                                ;
; Device                        ; EP2S15F484C3                                 ;
; Timing Models                 ; Final                                        ;
+-------------------------------+----------------------------------------------+


+-----------------------------------------+
; Flow Settings                           ;
+-------------------+---------------------+
; Option            ; Setting             ;
+-------------------+---------------------+
; Start date & time ; 06/10/2021 20:34:12 ;
; Main task         ; Compilation         ;
; Revision Name     ; scan_led3           ;
+-------------------+---------------------+


+------------------------------------------------------------------------------------------------------------------+
; Flow Non-Default Global Settings                                                                                 ;
+------------------------------------+------------------------------+---------------+-------------+----------------+
; Assignment Name                    ; Value                        ; Default Value ; Entity Name ; Section Id     ;
+------------------------------------+------------------------------+---------------+-------------+----------------+
; COMPILER_SIGNATURE_ID              ; 186419597866.162332845213584 ; --            ; --          ; --             ;
; PARTITION_COLOR                    ; 16764057                     ; --            ; mux4_3_1    ; Top            ;
; PARTITION_NETLIST_TYPE             ; SOURCE                       ; --            ; mux4_3_1    ; Top            ;
; TOP_LEVEL_ENTITY                   ; mux4_3_1                     ; scan_led3     ; --          ; --             ;
; USE_GENERATED_PHYSICAL_CONSTRAINTS ; Off                          ; --            ; --          ; eda_blast_fpga ;
+------------------------------------+------------------------------+---------------+-------------+----------------+


+-----------------------------------------------------------------------------------------------------------------------------+
; Flow Elapsed Time                                                                                                           ;
+-------------------------+--------------+-------------------------+---------------------+------------------------------------+
; Module Name             ; Elapsed Time ; Average Processors Used ; Peak Virtual Memory ; Total CPU Time (on all processors) ;
+-------------------------+--------------+-------------------------+---------------------+------------------------------------+
; Analysis & Synthesis    ; 00:00:01     ; 1.0                     ; 243 MB              ; 00:00:01                           ;
; Fitter                  ; 00:00:02     ; 1.0                     ; 289 MB              ; 00:00:02                           ;
; Assembler               ; 00:00:01     ; 1.0                     ; 246 MB              ; 00:00:01                           ;
; Classic Timing Analyzer ; 00:00:00     ; 1.0                     ; 178 MB              ; 00:00:00                           ;
; Total                   ; 00:00:04     ; --                      ; --                  ; 00:00:04                           ;
+-------------------------+--------------+-------------------------+---------------------+------------------------------------+


+------------------------------------------------------------------------------------------+
; Flow OS Summary                                                                          ;
+-------------------------+------------------+---------------+------------+----------------+
; Module Name             ; Machine Hostname ; OS Name       ; OS Version ; Processor type ;
+-------------------------+------------------+---------------+------------+----------------+
; Analysis & Synthesis    ; LAPTOP-P8EMT48L  ; Windows Vista ; 6.2        ; x86_64         ;
; Fitter                  ; LAPTOP-P8EMT48L  ; Windows Vista ; 6.2        ; x86_64         ;
; Assembler               ; LAPTOP-P8EMT48L  ; Windows Vista ; 6.2        ; x86_64         ;
; Classic Timing Analyzer ; LAPTOP-P8EMT48L  ; Windows Vista ; 6.2        ; x86_64         ;
+-------------------------+------------------+---------------+------------+----------------+


------------
; Flow Log ;
------------
quartus_map --read_settings_files=on --write_settings_files=off scan_led3 -c scan_led3
quartus_fit --read_settings_files=off --write_settings_files=off scan_led3 -c scan_led3
quartus_asm --read_settings_files=off --write_settings_files=off scan_led3 -c scan_led3
quartus_tan --read_settings_files=off --write_settings_files=off scan_led3 -c scan_led3 --timing_analysis_only



