Classic Timing Analyzer report for crc
Mon May 10 18:58:08 2021
Quartus II Version 9.0 Build 184 04/29/2009 Service Pack 1 SJ Web Edition


---------------------
; Table of Contents ;
---------------------
  1. Legal Notice
  2. Timing Analyzer Summary
  3. Timing Analyzer Settings
  4. Clock Settings Summary
  5. Parallel Compilation
  6. Clock Setup: 'clock'
  7. Clock Setup: 'clk'
  8. tsu
  9. tco
 10. th
 11. Timing Analyzer Messages



----------------
; Legal Notice ;
----------------
Copyright (C) 1991-2009 Altera Corporation
Your use of Altera Corporation's design tools, logic functions 
and other software and tools, and its AMPP partner logic 
functions, and any output files from any of the foregoing 
(including device programming or simulation files), and any 
associated documentation or information are expressly subject 
to the terms and conditions of the Altera Program License 
Subscription Agreement, Altera MegaCore Function License 
Agreement, or other applicable license agreement, including, 
without limitation, that your use is for the sole purpose of 
programming logic devices manufactured by Altera and sold by 
Altera or its authorized distributors.  Please refer to the 
applicable agreement for further details.



+----------------------------------------------------------------------------------------------------------------------------------------------------------------------------------------------------------------------------------------------------+
; Timing Analyzer Summary                                                                                                                                                                                                                            ;
+------------------------------+-------+---------------+------------------------------------------------+-------------------------------------------------------+---------------------------------------------+------------+----------+--------------+
; Type                         ; Slack ; Required Time ; Actual Time                                    ; From                                                  ; To                                          ; From Clock ; To Clock ; Failed Paths ;
+------------------------------+-------+---------------+------------------------------------------------+-------------------------------------------------------+---------------------------------------------+------------+----------+--------------+
; Worst-case tsu               ; N/A   ; None          ; 5.586 ns                                       ; nrxf                                                  ; usbconnection:inst|next_state.wait_nrxf_low ; --         ; clock    ; 0            ;
; Worst-case tco               ; N/A   ; None          ; 11.368 ns                                      ; usbconnection:inst|dout[3]                            ; qb                                          ; clock      ; --       ; 0            ;
; Worst-case th                ; N/A   ; None          ; -4.242 ns                                      ; din[7]                                                ; usbconnection:inst|a_in[7]                  ; --         ; clock    ; 0            ;
; Clock Setup: 'clk'           ; N/A   ; None          ; Restricted to 340.02 MHz ( period = 2.941 ns ) ; counter:inst5|74161:inst|f74161:sub|9                 ; counter:inst5|74161:inst|f74161:sub|87      ; clk        ; clk      ; 0            ;
; Clock Setup: 'clock'         ; N/A   ; None          ; Restricted to 340.02 MHz ( period = 2.941 ns ) ; usbconnection:inst|current_state.latch_data_from_host ; usbconnection:inst|a_in[0]                  ; clock      ; clock    ; 0            ;
; Total number of failed paths ;       ;               ;                                                ;                                                       ;                                             ;            ;          ; 0            ;
+------------------------------+-------+---------------+------------------------------------------------+-------------------------------------------------------+---------------------------------------------+------------+----------+--------------+


+--------------------------------------------------------------------------------------------------------------------+
; Timing Analyzer Settings                                                                                           ;
+---------------------------------------------------------------------+--------------------+------+----+-------------+
; Option                                                              ; Setting            ; From ; To ; Entity Name ;
+---------------------------------------------------------------------+--------------------+------+----+-------------+
; Device Name                                                         ; EP2C5T144C8        ;      ;    ;             ;
; Timing Models                                                       ; Final              ;      ;    ;             ;
; Default hold multicycle                                             ; Same as Multicycle ;      ;    ;             ;
; Cut paths between unrelated clock domains                           ; On                 ;      ;    ;             ;
; Cut off read during write signal paths                              ; On                 ;      ;    ;             ;
; Cut off feedback from I/O pins                                      ; On                 ;      ;    ;             ;
; Report Combined Fast/Slow Timing                                    ; Off                ;      ;    ;             ;
; Ignore Clock Settings                                               ; Off                ;      ;    ;             ;
; Analyze latches as synchronous elements                             ; On                 ;      ;    ;             ;
; Enable Recovery/Removal analysis                                    ; Off                ;      ;    ;             ;
; Enable Clock Latency                                                ; Off                ;      ;    ;             ;
; Use TimeQuest Timing Analyzer                                       ; Off                ;      ;    ;             ;
; Minimum Core Junction Temperature                                   ; 0                  ;      ;    ;             ;
; Maximum Core Junction Temperature                                   ; 85                 ;      ;    ;             ;
; Number of source nodes to report per destination node               ; 10                 ;      ;    ;             ;
; Number of destination nodes to report                               ; 10                 ;      ;    ;             ;
; Number of paths to report                                           ; 200                ;      ;    ;             ;
; Report Minimum Timing Checks                                        ; Off                ;      ;    ;             ;
; Use Fast Timing Models                                              ; Off                ;      ;    ;             ;
; Report IO Paths Separately                                          ; Off                ;      ;    ;             ;
; Perform Multicorner Analysis                                        ; On                 ;      ;    ;             ;
; Reports the worst-case path for each clock domain and analysis      ; Off                ;      ;    ;             ;
; Removes common clock path pessimism (CCPP) during slack computation ; Off                ;      ;    ;             ;
; Output I/O Timing Endpoint                                          ; Near End           ;      ;    ;             ;
+---------------------------------------------------------------------+--------------------+------+----+-------------+


+------------------------------------------------------------------------------------------------------------------------------------------------------------------------------------+
; Clock Settings Summary                                                                                                                                                             ;
+-----------------+--------------------+----------+------------------+---------------+--------------+----------+-----------------------+---------------------+--------+--------------+
; Clock Node Name ; Clock Setting Name ; Type     ; Fmax Requirement ; Early Latency ; Late Latency ; Based on ; Multiply Base Fmax by ; Divide Base Fmax by ; Offset ; Phase offset ;
+-----------------+--------------------+----------+------------------+---------------+--------------+----------+-----------------------+---------------------+--------+--------------+
; clock           ;                    ; User Pin ; None             ; 0.000 ns      ; 0.000 ns     ; --       ; N/A                   ; N/A                 ; N/A    ;              ;
; clk             ;                    ; User Pin ; None             ; 0.000 ns      ; 0.000 ns     ; --       ; N/A                   ; N/A                 ; N/A    ;              ;
+-----------------+--------------------+----------+------------------+---------------+--------------+----------+-----------------------+---------------------+--------+--------------+


Parallel compilation was disabled, but you have multiple processors available. Enable parallel compilation to reduce compilation time.
+-------------------------------------+
; Parallel Compilation                ;
+----------------------------+--------+
; Processors                 ; Number ;
+----------------------------+--------+
; Number detected on machine ; 6      ;
; Maximum allowed            ; 1      ;
+----------------------------+--------+


+------------------------------------------------------------------------------------------------------------------------------------------------------------------------------------------------------------------------------------------------------------------------------------+
; Clock Setup: 'clock'                                                                                                                                                                                                                                                               ;
+-------+------------------------------------------------+-------------------------------------------------------+-------------------------------------------------------+------------+----------+-----------------------------+---------------------------+-------------------------+
; Slack ; Actual fmax (period)                           ; From                                                  ; To                                                    ; From Clock ; To Clock ; Required Setup Relationship ; Required Longest P2P Time ; Actual Longest P2P Time ;
+-------+------------------------------------------------+-------------------------------------------------------+-------------------------------------------------------+------------+----------+-----------------------------+---------------------------+-------------------------+
; N/A   ; Restricted to 340.02 MHz ( period = 2.941 ns ) ; usbconnection:inst|current_state.latch_data_from_host ; usbconnection:inst|a_in[5]                            ; clock      ; clock    ; None                        ; None                      ; 2.353 ns                ;
; N/A   ; Restricted to 340.02 MHz ( period = 2.941 ns ) ; usbconnection:inst|current_state.latch_data_from_host ; usbconnection:inst|a_in[3]                            ; clock      ; clock    ; None                        ; None                      ; 2.353 ns                ;
; N/A   ; Restricted to 340.02 MHz ( period = 2.941 ns ) ; usbconnection:inst|current_state.latch_data_from_host ; usbconnection:inst|a_in[2]                            ; clock      ; clock    ; None                        ; None                      ; 2.353 ns                ;
; N/A   ; Restricted to 340.02 MHz ( period = 2.941 ns ) ; usbconnection:inst|current_state.latch_data_from_host ; usbconnection:inst|a_in[1]                            ; clock      ; clock    ; None                        ; None                      ; 2.353 ns                ;
; N/A   ; Restricted to 340.02 MHz ( period = 2.941 ns ) ; usbconnection:inst|current_state.latch_data_from_host ; usbconnection:inst|a_in[6]                            ; clock      ; clock    ; None                        ; None                      ; 2.353 ns                ;
; N/A   ; Restricted to 340.02 MHz ( period = 2.941 ns ) ; usbconnection:inst|current_state.latch_data_from_host ; usbconnection:inst|a_in[7]                            ; clock      ; clock    ; None                        ; None                      ; 2.353 ns                ;
; N/A   ; Restricted to 340.02 MHz ( period = 2.941 ns ) ; usbconnection:inst|current_state.latch_data_from_host ; usbconnection:inst|a_in[4]                            ; clock      ; clock    ; None                        ; None                      ; 2.353 ns                ;
; N/A   ; Restricted to 340.02 MHz ( period = 2.941 ns ) ; usbconnection:inst|current_state.latch_data_from_host ; usbconnection:inst|a_in[0]                            ; clock      ; clock    ; None                        ; None                      ; 2.353 ns                ;
; N/A   ; Restricted to 340.02 MHz ( period = 2.941 ns ) ; usbconnection:inst|current_state.send_data_host       ; usbconnection:inst|dout[1]                            ; clock      ; clock    ; None                        ; None                      ; 2.299 ns                ;
; N/A   ; Restricted to 340.02 MHz ( period = 2.941 ns ) ; usbconnection:inst|current_state.send_data_host       ; usbconnection:inst|dout[3]                            ; clock      ; clock    ; None                        ; None                      ; 2.299 ns                ;
; N/A   ; Restricted to 340.02 MHz ( period = 2.941 ns ) ; usbconnection:inst|current_state.send_data_host       ; usbconnection:inst|dout[2]                            ; clock      ; clock    ; None                        ; None                      ; 2.299 ns                ;
; N/A   ; Restricted to 340.02 MHz ( period = 2.941 ns ) ; usbconnection:inst|current_state.send_data_host       ; usbconnection:inst|dout[4]                            ; clock      ; clock    ; None                        ; None                      ; 2.299 ns                ;
; N/A   ; Restricted to 340.02 MHz ( period = 2.941 ns ) ; usbconnection:inst|current_state.send_data_host       ; usbconnection:inst|dout[0]                            ; clock      ; clock    ; None                        ; None                      ; 2.299 ns                ;
; N/A   ; Restricted to 340.02 MHz ( period = 2.941 ns ) ; usbconnection:inst|a_in[2]                            ; usbconnection:inst|dout[3]                            ; clock      ; clock    ; None                        ; None                      ; 2.257 ns                ;
; N/A   ; Restricted to 340.02 MHz ( period = 2.941 ns ) ; usbconnection:inst|nrd                                ; usbconnection:inst|a_in[1]                            ; clock      ; clock    ; None                        ; None                      ; 2.037 ns                ;
; N/A   ; Restricted to 340.02 MHz ( period = 2.941 ns ) ; usbconnection:inst|nrd                                ; usbconnection:inst|a_in[2]                            ; clock      ; clock    ; None                        ; None                      ; 2.036 ns                ;
; N/A   ; Restricted to 340.02 MHz ( period = 2.941 ns ) ; usbconnection:inst|nrd                                ; usbconnection:inst|a_in[6]                            ; clock      ; clock    ; None                        ; None                      ; 2.035 ns                ;
; N/A   ; Restricted to 340.02 MHz ( period = 2.941 ns ) ; usbconnection:inst|nrd                                ; usbconnection:inst|a_in[7]                            ; clock      ; clock    ; None                        ; None                      ; 2.034 ns                ;
; N/A   ; Restricted to 340.02 MHz ( period = 2.941 ns ) ; usbconnection:inst|nrd                                ; usbconnection:inst|a_in[3]                            ; clock      ; clock    ; None                        ; None                      ; 2.033 ns                ;
; N/A   ; Restricted to 340.02 MHz ( period = 2.941 ns ) ; usbconnection:inst|nrd                                ; usbconnection:inst|a_in[5]                            ; clock      ; clock    ; None                        ; None                      ; 2.032 ns                ;
; N/A   ; Restricted to 340.02 MHz ( period = 2.941 ns ) ; usbconnection:inst|nrd                                ; usbconnection:inst|a_in[4]                            ; clock      ; clock    ; None                        ; None                      ; 2.032 ns                ;
; N/A   ; Restricted to 340.02 MHz ( period = 2.941 ns ) ; usbconnection:inst|nrd                                ; usbconnection:inst|a_in[0]                            ; clock      ; clock    ; None                        ; None                      ; 2.021 ns                ;
; N/A   ; Restricted to 340.02 MHz ( period = 2.941 ns ) ; usbconnection:inst|a_in[1]                            ; usbconnection:inst|dout[3]                            ; clock      ; clock    ; None                        ; None                      ; 2.014 ns                ;
; N/A   ; Restricted to 340.02 MHz ( period = 2.941 ns ) ; usbconnection:inst|a_in[1]                            ; usbconnection:inst|dout[2]                            ; clock      ; clock    ; None                        ; None                      ; 2.005 ns                ;
; N/A   ; Restricted to 340.02 MHz ( period = 2.941 ns ) ; usbconnection:inst|a_in[1]                            ; usbconnection:inst|dout[4]                            ; clock      ; clock    ; None                        ; None                      ; 2.004 ns                ;
; N/A   ; Restricted to 340.02 MHz ( period = 2.941 ns ) ; usbconnection:inst|a_in[2]                            ; usbconnection:inst|dout[1]                            ; clock      ; clock    ; None                        ; None                      ; 1.958 ns                ;
; N/A   ; Restricted to 340.02 MHz ( period = 2.941 ns ) ; usbconnection:inst|a_in[3]                            ; usbconnection:inst|dout[2]                            ; clock      ; clock    ; None                        ; None                      ; 1.954 ns                ;
; N/A   ; Restricted to 340.02 MHz ( period = 2.941 ns ) ; usbconnection:inst|a_in[3]                            ; usbconnection:inst|dout[4]                            ; clock      ; clock    ; None                        ; None                      ; 1.953 ns                ;
; N/A   ; Restricted to 340.02 MHz ( period = 2.941 ns ) ; usbconnection:inst|wr                                 ; usbconnection:inst|a_in[1]                            ; clock      ; clock    ; None                        ; None                      ; 1.897 ns                ;
; N/A   ; Restricted to 340.02 MHz ( period = 2.941 ns ) ; usbconnection:inst|wr                                 ; usbconnection:inst|a_in[4]                            ; clock      ; clock    ; None                        ; None                      ; 1.897 ns                ;
; N/A   ; Restricted to 340.02 MHz ( period = 2.941 ns ) ; usbconnection:inst|wr                                 ; usbconnection:inst|a_in[5]                            ; clock      ; clock    ; None                        ; None                      ; 1.896 ns                ;
; N/A   ; Restricted to 340.02 MHz ( period = 2.941 ns ) ; usbconnection:inst|wr                                 ; usbconnection:inst|a_in[3]                            ; clock      ; clock    ; None                        ; None                      ; 1.896 ns                ;
; N/A   ; Restricted to 340.02 MHz ( period = 2.941 ns ) ; usbconnection:inst|wr                                 ; usbconnection:inst|a_in[2]                            ; clock      ; clock    ; None                        ; None                      ; 1.896 ns                ;
; N/A   ; Restricted to 340.02 MHz ( period = 2.941 ns ) ; usbconnection:inst|wr                                 ; usbconnection:inst|a_in[0]                            ; clock      ; clock    ; None                        ; None                      ; 1.896 ns                ;
; N/A   ; Restricted to 340.02 MHz ( period = 2.941 ns ) ; usbconnection:inst|wr                                 ; usbconnection:inst|a_in[6]                            ; clock      ; clock    ; None                        ; None                      ; 1.895 ns                ;
; N/A   ; Restricted to 340.02 MHz ( period = 2.941 ns ) ; usbconnection:inst|wr                                 ; usbconnection:inst|a_in[7]                            ; clock      ; clock    ; None                        ; None                      ; 1.894 ns                ;
; N/A   ; Restricted to 340.02 MHz ( period = 2.941 ns ) ; usbconnection:inst|a_in[2]                            ; usbconnection:inst|dout[0]                            ; clock      ; clock    ; None                        ; None                      ; 1.856 ns                ;
; N/A   ; Restricted to 340.02 MHz ( period = 2.941 ns ) ; usbconnection:inst|a_in[6]                            ; usbconnection:inst|dout[3]                            ; clock      ; clock    ; None                        ; None                      ; 1.830 ns                ;
; N/A   ; Restricted to 340.02 MHz ( period = 2.941 ns ) ; usbconnection:inst|a_in[1]                            ; usbconnection:inst|dout[1]                            ; clock      ; clock    ; None                        ; None                      ; 1.715 ns                ;
; N/A   ; Restricted to 340.02 MHz ( period = 2.941 ns ) ; usbconnection:inst|a_in[7]                            ; usbconnection:inst|dout[2]                            ; clock      ; clock    ; None                        ; None                      ; 1.698 ns                ;
; N/A   ; Restricted to 340.02 MHz ( period = 2.941 ns ) ; usbconnection:inst|a_in[7]                            ; usbconnection:inst|dout[4]                            ; clock      ; clock    ; None                        ; None                      ; 1.697 ns                ;
; N/A   ; Restricted to 340.02 MHz ( period = 2.941 ns ) ; usbconnection:inst|a_in[1]                            ; usbconnection:inst|dout[0]                            ; clock      ; clock    ; None                        ; None                      ; 1.697 ns                ;
; N/A   ; Restricted to 340.02 MHz ( period = 2.941 ns ) ; usbconnection:inst|a_in[6]                            ; usbconnection:inst|dout[1]                            ; clock      ; clock    ; None                        ; None                      ; 1.531 ns                ;
; N/A   ; Restricted to 340.02 MHz ( period = 2.941 ns ) ; usbconnection:inst|a_in[0]                            ; usbconnection:inst|dout[2]                            ; clock      ; clock    ; None                        ; None                      ; 1.510 ns                ;
; N/A   ; Restricted to 340.02 MHz ( period = 2.941 ns ) ; usbconnection:inst|a_in[0]                            ; usbconnection:inst|dout[4]                            ; clock      ; clock    ; None                        ; None                      ; 1.509 ns                ;
; N/A   ; Restricted to 340.02 MHz ( period = 2.941 ns ) ; usbconnection:inst|a_in[0]                            ; usbconnection:inst|dout[0]                            ; clock      ; clock    ; None                        ; None                      ; 1.508 ns                ;
; N/A   ; Restricted to 340.02 MHz ( period = 2.941 ns ) ; usbconnection:inst|current_state.latch_data_from_host ; usbconnection:inst|next_state.wait_ntxe_low           ; clock      ; clock    ; None                        ; None                      ; 1.249 ns                ;
; N/A   ; Restricted to 340.02 MHz ( period = 2.941 ns ) ; usbconnection:inst|a_in[5]                            ; usbconnection:inst|dout[0]                            ; clock      ; clock    ; None                        ; None                      ; 1.209 ns                ;
; N/A   ; Restricted to 340.02 MHz ( period = 2.941 ns ) ; usbconnection:inst|a_in[5]                            ; usbconnection:inst|dout[1]                            ; clock      ; clock    ; None                        ; None                      ; 1.207 ns                ;
; N/A   ; Restricted to 340.02 MHz ( period = 2.941 ns ) ; usbconnection:inst|current_state.send_data_host       ; usbconnection:inst|wr                                 ; clock      ; clock    ; None                        ; None                      ; 1.198 ns                ;
; N/A   ; Restricted to 340.02 MHz ( period = 2.941 ns ) ; usbconnection:inst|a_in[6]                            ; usbconnection:inst|dout[2]                            ; clock      ; clock    ; None                        ; None                      ; 1.188 ns                ;
; N/A   ; Restricted to 340.02 MHz ( period = 2.941 ns ) ; usbconnection:inst|current_state.wait_ntxe_low        ; usbconnection:inst|next_state.set_wr_high             ; clock      ; clock    ; None                        ; None                      ; 1.178 ns                ;
; N/A   ; Restricted to 340.02 MHz ( period = 2.941 ns ) ; usbconnection:inst|current_state.wait_ntxe_low        ; usbconnection:inst|next_state.wait_ntxe_low           ; clock      ; clock    ; None                        ; None                      ; 1.178 ns                ;
; N/A   ; Restricted to 340.02 MHz ( period = 2.941 ns ) ; usbconnection:inst|current_state.latch_data_from_host ; usbconnection:inst|nrd                                ; clock      ; clock    ; None                        ; None                      ; 1.135 ns                ;
; N/A   ; Restricted to 340.02 MHz ( period = 2.941 ns ) ; usbconnection:inst|current_state.send_data_host       ; usbconnection:inst|next_state.wait_nrxf_low           ; clock      ; clock    ; None                        ; None                      ; 1.109 ns                ;
; N/A   ; Restricted to 340.02 MHz ( period = 2.941 ns ) ; usbconnection:inst|a_in[7]                            ; usbconnection:inst|dout[3]                            ; clock      ; clock    ; None                        ; None                      ; 0.948 ns                ;
; N/A   ; Restricted to 340.02 MHz ( period = 2.941 ns ) ; usbconnection:inst|next_state.set_nrd_low             ; usbconnection:inst|current_state.set_nrd_low          ; clock      ; clock    ; None                        ; None                      ; 0.905 ns                ;
; N/A   ; Restricted to 340.02 MHz ( period = 2.941 ns ) ; usbconnection:inst|next_state.set_wr_high             ; usbconnection:inst|current_state.set_wr_high          ; clock      ; clock    ; None                        ; None                      ; 0.904 ns                ;
; N/A   ; Restricted to 340.02 MHz ( period = 2.941 ns ) ; usbconnection:inst|a_in[4]                            ; usbconnection:inst|dout[4]                            ; clock      ; clock    ; None                        ; None                      ; 0.784 ns                ;
; N/A   ; Restricted to 340.02 MHz ( period = 2.941 ns ) ; usbconnection:inst|a_in[4]                            ; usbconnection:inst|dout[0]                            ; clock      ; clock    ; None                        ; None                      ; 0.784 ns                ;
; N/A   ; Restricted to 340.02 MHz ( period = 2.941 ns ) ; usbconnection:inst|a_in[4]                            ; usbconnection:inst|dout[3]                            ; clock      ; clock    ; None                        ; None                      ; 0.783 ns                ;
; N/A   ; Restricted to 340.02 MHz ( period = 2.941 ns ) ; usbconnection:inst|a_in[5]                            ; usbconnection:inst|dout[2]                            ; clock      ; clock    ; None                        ; None                      ; 0.781 ns                ;
; N/A   ; Restricted to 340.02 MHz ( period = 2.941 ns ) ; usbconnection:inst|a_in[3]                            ; usbconnection:inst|dout[1]                            ; clock      ; clock    ; None                        ; None                      ; 0.779 ns                ;
; N/A   ; Restricted to 340.02 MHz ( period = 2.941 ns ) ; usbconnection:inst|current_state.set_nrd_low          ; usbconnection:inst|next_state.latch_data_from_host    ; clock      ; clock    ; None                        ; None                      ; 0.762 ns                ;
; N/A   ; Restricted to 340.02 MHz ( period = 2.941 ns ) ; usbconnection:inst|current_state.wait_nrxf_low        ; usbconnection:inst|next_state.wait_nrxf_low           ; clock      ; clock    ; None                        ; None                      ; 0.762 ns                ;
; N/A   ; Restricted to 340.02 MHz ( period = 2.941 ns ) ; usbconnection:inst|current_state.wait_nrxf_low        ; usbconnection:inst|next_state.set_nrd_low             ; clock      ; clock    ; None                        ; None                      ; 0.761 ns                ;
; N/A   ; Restricted to 340.02 MHz ( period = 2.941 ns ) ; usbconnection:inst|next_state.send_data_host          ; usbconnection:inst|current_state.send_data_host       ; clock      ; clock    ; None                        ; None                      ; 0.761 ns                ;
; N/A   ; Restricted to 340.02 MHz ( period = 2.941 ns ) ; usbconnection:inst|current_state.set_nrd_low          ; usbconnection:inst|nrd                                ; clock      ; clock    ; None                        ; None                      ; 0.760 ns                ;
; N/A   ; Restricted to 340.02 MHz ( period = 2.941 ns ) ; usbconnection:inst|next_state.wait_ntxe_low           ; usbconnection:inst|current_state.wait_ntxe_low        ; clock      ; clock    ; None                        ; None                      ; 0.750 ns                ;
; N/A   ; Restricted to 340.02 MHz ( period = 2.941 ns ) ; usbconnection:inst|next_state.latch_data_from_host    ; usbconnection:inst|current_state.latch_data_from_host ; clock      ; clock    ; None                        ; None                      ; 0.749 ns                ;
; N/A   ; Restricted to 340.02 MHz ( period = 2.941 ns ) ; usbconnection:inst|next_state.wait_nrxf_low           ; usbconnection:inst|current_state.wait_nrxf_low        ; clock      ; clock    ; None                        ; None                      ; 0.748 ns                ;
; N/A   ; Restricted to 340.02 MHz ( period = 2.941 ns ) ; usbconnection:inst|current_state.set_wr_high          ; usbconnection:inst|next_state.send_data_host          ; clock      ; clock    ; None                        ; None                      ; 0.748 ns                ;
; N/A   ; Restricted to 340.02 MHz ( period = 2.941 ns ) ; usbconnection:inst|current_state.set_wr_high          ; usbconnection:inst|wr                                 ; clock      ; clock    ; None                        ; None                      ; 0.746 ns                ;
+-------+------------------------------------------------+-------------------------------------------------------+-------------------------------------------------------+------------+----------+-----------------------------+---------------------------+-------------------------+


+------------------------------------------------------------------------------------------------------------------------------------------------------------------------------------------------------------------------------------------------------+
; Clock Setup: 'clk'                                                                                                                                                                                                                                   ;
+-------+------------------------------------------------+----------------------------------------+----------------------------------------+------------+----------+-----------------------------+---------------------------+-------------------------+
; Slack ; Actual fmax (period)                           ; From                                   ; To                                     ; From Clock ; To Clock ; Required Setup Relationship ; Required Longest P2P Time ; Actual Longest P2P Time ;
+-------+------------------------------------------------+----------------------------------------+----------------------------------------+------------+----------+-----------------------------+---------------------------+-------------------------+
; N/A   ; Restricted to 340.02 MHz ( period = 2.941 ns ) ; counter:inst5|74161:inst|f74161:sub|9  ; counter:inst5|74161:inst|f74161:sub|87 ; clk        ; clk      ; None                        ; None                      ; 1.028 ns                ;
; N/A   ; Restricted to 340.02 MHz ( period = 2.941 ns ) ; counter:inst5|74161:inst|f74161:sub|9  ; counter:inst5|inst3                    ; clk        ; clk      ; None                        ; None                      ; 0.956 ns                ;
; N/A   ; Restricted to 340.02 MHz ( period = 2.941 ns ) ; counter:inst5|74161:inst|f74161:sub|87 ; counter:inst5|inst3                    ; clk        ; clk      ; None                        ; None                      ; 0.749 ns                ;
; N/A   ; Restricted to 340.02 MHz ( period = 2.941 ns ) ; counter:inst5|74161:inst|f74161:sub|87 ; counter:inst5|74161:inst|f74161:sub|87 ; clk        ; clk      ; None                        ; None                      ; 0.501 ns                ;
; N/A   ; Restricted to 340.02 MHz ( period = 2.941 ns ) ; counter:inst5|74161:inst|f74161:sub|9  ; counter:inst5|74161:inst|f74161:sub|9  ; clk        ; clk      ; None                        ; None                      ; 0.501 ns                ;
+-------+------------------------------------------------+----------------------------------------+----------------------------------------+------------+----------+-----------------------------+---------------------------+-------------------------+


+-----------------------------------------------------------------------------------------------------+
; tsu                                                                                                 ;
+-------+--------------+------------+--------+---------------------------------------------+----------+
; Slack ; Required tsu ; Actual tsu ; From   ; To                                          ; To Clock ;
+-------+--------------+------------+--------+---------------------------------------------+----------+
; N/A   ; None         ; 5.586 ns   ; nrxf   ; usbconnection:inst|next_state.wait_nrxf_low ; clock    ;
; N/A   ; None         ; 5.583 ns   ; nrxf   ; usbconnection:inst|next_state.set_nrd_low   ; clock    ;
; N/A   ; None         ; 5.579 ns   ; din[2] ; usbconnection:inst|a_in[2]                  ; clock    ;
; N/A   ; None         ; 5.337 ns   ; ntxe   ; usbconnection:inst|next_state.wait_ntxe_low ; clock    ;
; N/A   ; None         ; 5.336 ns   ; ntxe   ; usbconnection:inst|next_state.set_wr_high   ; clock    ;
; N/A   ; None         ; 5.251 ns   ; din[0] ; usbconnection:inst|a_in[0]                  ; clock    ;
; N/A   ; None         ; 5.249 ns   ; din[1] ; usbconnection:inst|a_in[1]                  ; clock    ;
; N/A   ; None         ; 4.974 ns   ; din[5] ; usbconnection:inst|a_in[5]                  ; clock    ;
; N/A   ; None         ; 4.940 ns   ; din[3] ; usbconnection:inst|a_in[3]                  ; clock    ;
; N/A   ; None         ; 4.917 ns   ; din[6] ; usbconnection:inst|a_in[6]                  ; clock    ;
; N/A   ; None         ; 4.900 ns   ; din[4] ; usbconnection:inst|a_in[4]                  ; clock    ;
; N/A   ; None         ; 4.508 ns   ; din[7] ; usbconnection:inst|a_in[7]                  ; clock    ;
+-------+--------------+------------+--------+---------------------------------------------+----------+


+--------------------------------------------------------------------------------------------------+
; tco                                                                                              ;
+-------+--------------+------------+----------------------------------------+--------+------------+
; Slack ; Required tco ; Actual tco ; From                                   ; To     ; From Clock ;
+-------+--------------+------------+----------------------------------------+--------+------------+
; N/A   ; None         ; 11.368 ns  ; usbconnection:inst|dout[3]             ; qb     ; clock      ;
; N/A   ; None         ; 11.256 ns  ; usbconnection:inst|dout[0]             ; qb     ; clock      ;
; N/A   ; None         ; 11.248 ns  ; usbconnection:inst|dout[1]             ; qb     ; clock      ;
; N/A   ; None         ; 11.216 ns  ; usbconnection:inst|dout[3]             ; qa     ; clock      ;
; N/A   ; None         ; 11.199 ns  ; usbconnection:inst|dout[3]             ; qe     ; clock      ;
; N/A   ; None         ; 11.188 ns  ; usbconnection:inst|dout[3]             ; qg     ; clock      ;
; N/A   ; None         ; 11.185 ns  ; usbconnection:inst|dout[3]             ; qf     ; clock      ;
; N/A   ; None         ; 11.097 ns  ; usbconnection:inst|dout[0]             ; qa     ; clock      ;
; N/A   ; None         ; 11.096 ns  ; usbconnection:inst|dout[1]             ; qa     ; clock      ;
; N/A   ; None         ; 11.086 ns  ; usbconnection:inst|dout[0]             ; qe     ; clock      ;
; N/A   ; None         ; 11.079 ns  ; usbconnection:inst|dout[1]             ; qe     ; clock      ;
; N/A   ; None         ; 11.074 ns  ; usbconnection:inst|dout[0]             ; qg     ; clock      ;
; N/A   ; None         ; 11.070 ns  ; usbconnection:inst|dout[0]             ; qf     ; clock      ;
; N/A   ; None         ; 11.068 ns  ; usbconnection:inst|dout[1]             ; qg     ; clock      ;
; N/A   ; None         ; 11.065 ns  ; usbconnection:inst|dout[1]             ; qf     ; clock      ;
; N/A   ; None         ; 10.877 ns  ; counter:inst5|74161:inst|f74161:sub|87 ; qb     ; clk        ;
; N/A   ; None         ; 10.822 ns  ; usbconnection:inst|dout[3]             ; qc     ; clock      ;
; N/A   ; None         ; 10.814 ns  ; usbconnection:inst|dout[3]             ; qd     ; clock      ;
; N/A   ; None         ; 10.718 ns  ; counter:inst5|74161:inst|f74161:sub|87 ; qa     ; clk        ;
; N/A   ; None         ; 10.708 ns  ; usbconnection:inst|dout[4]             ; qb     ; clock      ;
; N/A   ; None         ; 10.707 ns  ; counter:inst5|74161:inst|f74161:sub|87 ; qe     ; clk        ;
; N/A   ; None         ; 10.707 ns  ; usbconnection:inst|dout[0]             ; qc     ; clock      ;
; N/A   ; None         ; 10.702 ns  ; usbconnection:inst|dout[1]             ; qc     ; clock      ;
; N/A   ; None         ; 10.695 ns  ; counter:inst5|74161:inst|f74161:sub|87 ; qg     ; clk        ;
; N/A   ; None         ; 10.694 ns  ; usbconnection:inst|dout[1]             ; qd     ; clock      ;
; N/A   ; None         ; 10.691 ns  ; counter:inst5|74161:inst|f74161:sub|87 ; qf     ; clk        ;
; N/A   ; None         ; 10.687 ns  ; usbconnection:inst|dout[0]             ; qd     ; clock      ;
; N/A   ; None         ; 10.639 ns  ; usbconnection:inst|dout[2]             ; qb     ; clock      ;
; N/A   ; None         ; 10.549 ns  ; usbconnection:inst|dout[4]             ; qa     ; clock      ;
; N/A   ; None         ; 10.538 ns  ; usbconnection:inst|dout[4]             ; qe     ; clock      ;
; N/A   ; None         ; 10.526 ns  ; usbconnection:inst|dout[4]             ; qg     ; clock      ;
; N/A   ; None         ; 10.522 ns  ; usbconnection:inst|dout[4]             ; qf     ; clock      ;
; N/A   ; None         ; 10.482 ns  ; usbconnection:inst|dout[2]             ; qa     ; clock      ;
; N/A   ; None         ; 10.466 ns  ; usbconnection:inst|dout[2]             ; qe     ; clock      ;
; N/A   ; None         ; 10.457 ns  ; usbconnection:inst|dout[2]             ; qg     ; clock      ;
; N/A   ; None         ; 10.456 ns  ; usbconnection:inst|dout[2]             ; qf     ; clock      ;
; N/A   ; None         ; 10.328 ns  ; counter:inst5|74161:inst|f74161:sub|87 ; qc     ; clk        ;
; N/A   ; None         ; 10.308 ns  ; counter:inst5|74161:inst|f74161:sub|87 ; qd     ; clk        ;
; N/A   ; None         ; 10.159 ns  ; usbconnection:inst|dout[4]             ; qc     ; clock      ;
; N/A   ; None         ; 10.139 ns  ; usbconnection:inst|dout[4]             ; qd     ; clock      ;
; N/A   ; None         ; 10.092 ns  ; usbconnection:inst|dout[2]             ; qc     ; clock      ;
; N/A   ; None         ; 10.077 ns  ; usbconnection:inst|dout[2]             ; qd     ; clock      ;
; N/A   ; None         ; 9.281 ns   ; usbconnection:inst|nrd                 ; din[0] ; clock      ;
; N/A   ; None         ; 9.281 ns   ; usbconnection:inst|nrd                 ; din[1] ; clock      ;
; N/A   ; None         ; 9.281 ns   ; usbconnection:inst|nrd                 ; din[2] ; clock      ;
; N/A   ; None         ; 9.251 ns   ; counter:inst5|74161:inst|f74161:sub|87 ; nq[1]  ; clk        ;
; N/A   ; None         ; 9.113 ns   ; usbconnection:inst|wr                  ; din[0] ; clock      ;
; N/A   ; None         ; 9.113 ns   ; usbconnection:inst|wr                  ; din[1] ; clock      ;
; N/A   ; None         ; 9.113 ns   ; usbconnection:inst|wr                  ; din[2] ; clock      ;
; N/A   ; None         ; 8.886 ns   ; counter:inst5|74161:inst|f74161:sub|87 ; q[1]   ; clk        ;
; N/A   ; None         ; 8.716 ns   ; usbconnection:inst|nrd                 ; din[6] ; clock      ;
; N/A   ; None         ; 8.716 ns   ; usbconnection:inst|nrd                 ; din[5] ; clock      ;
; N/A   ; None         ; 8.713 ns   ; usbconnection:inst|nrd                 ; din[7] ; clock      ;
; N/A   ; None         ; 8.661 ns   ; usbconnection:inst|wr                  ; wr     ; clock      ;
; N/A   ; None         ; 8.623 ns   ; usbconnection:inst|nrd                 ; nrd    ; clock      ;
; N/A   ; None         ; 8.607 ns   ; usbconnection:inst|nrd                 ; din[4] ; clock      ;
; N/A   ; None         ; 8.607 ns   ; usbconnection:inst|nrd                 ; din[3] ; clock      ;
; N/A   ; None         ; 8.548 ns   ; usbconnection:inst|wr                  ; din[6] ; clock      ;
; N/A   ; None         ; 8.548 ns   ; usbconnection:inst|wr                  ; din[5] ; clock      ;
; N/A   ; None         ; 8.545 ns   ; usbconnection:inst|wr                  ; din[7] ; clock      ;
; N/A   ; None         ; 8.439 ns   ; usbconnection:inst|wr                  ; din[4] ; clock      ;
; N/A   ; None         ; 8.439 ns   ; usbconnection:inst|wr                  ; din[3] ; clock      ;
; N/A   ; None         ; 8.260 ns   ; usbconnection:inst|dout[1]             ; din[1] ; clock      ;
; N/A   ; None         ; 7.888 ns   ; usbconnection:inst|dout[2]             ; din[2] ; clock      ;
; N/A   ; None         ; 7.832 ns   ; usbconnection:inst|dout[0]             ; din[0] ; clock      ;
; N/A   ; None         ; 7.561 ns   ; usbconnection:inst|dout[3]             ; din[3] ; clock      ;
; N/A   ; None         ; 7.497 ns   ; usbconnection:inst|dout[4]             ; din[4] ; clock      ;
+-------+--------------+------------+----------------------------------------+--------+------------+


+-----------------------------------------------------------------------------------------------------------+
; th                                                                                                        ;
+---------------+-------------+-----------+--------+---------------------------------------------+----------+
; Minimum Slack ; Required th ; Actual th ; From   ; To                                          ; To Clock ;
+---------------+-------------+-----------+--------+---------------------------------------------+----------+
; N/A           ; None        ; -4.242 ns ; din[7] ; usbconnection:inst|a_in[7]                  ; clock    ;
; N/A           ; None        ; -4.634 ns ; din[4] ; usbconnection:inst|a_in[4]                  ; clock    ;
; N/A           ; None        ; -4.651 ns ; din[6] ; usbconnection:inst|a_in[6]                  ; clock    ;
; N/A           ; None        ; -4.674 ns ; din[3] ; usbconnection:inst|a_in[3]                  ; clock    ;
; N/A           ; None        ; -4.708 ns ; din[5] ; usbconnection:inst|a_in[5]                  ; clock    ;
; N/A           ; None        ; -4.983 ns ; din[1] ; usbconnection:inst|a_in[1]                  ; clock    ;
; N/A           ; None        ; -4.985 ns ; din[0] ; usbconnection:inst|a_in[0]                  ; clock    ;
; N/A           ; None        ; -5.070 ns ; ntxe   ; usbconnection:inst|next_state.set_wr_high   ; clock    ;
; N/A           ; None        ; -5.071 ns ; ntxe   ; usbconnection:inst|next_state.wait_ntxe_low ; clock    ;
; N/A           ; None        ; -5.313 ns ; din[2] ; usbconnection:inst|a_in[2]                  ; clock    ;
; N/A           ; None        ; -5.317 ns ; nrxf   ; usbconnection:inst|next_state.set_nrd_low   ; clock    ;
; N/A           ; None        ; -5.320 ns ; nrxf   ; usbconnection:inst|next_state.wait_nrxf_low ; clock    ;
+---------------+-------------+-----------+--------+---------------------------------------------+----------+


+--------------------------+
; Timing Analyzer Messages ;
+--------------------------+
Info: *******************************************************************
Info: Running Quartus II Classic Timing Analyzer
    Info: Version 9.0 Build 184 04/29/2009 Service Pack 1 SJ Web Edition
    Info: Processing started: Mon May 10 18:58:08 2021
Info: Command: quartus_tan --read_settings_files=off --write_settings_files=off crc -c crc --timing_analysis_only
Warning: Found pins functioning as undefined clocks and/or memory enables
    Info: Assuming node "clock" is an undefined clock
    Info: Assuming node "clk" is an undefined clock
Info: Clock "clock" Internal fmax is restricted to 340.02 MHz between source register "usbconnection:inst|current_state.latch_data_from_host" and destination register "usbconnection:inst|a_in[5]"
    Info: fmax restricted to clock pin edge rate 2.941 ns. Expand message to see actual delay path.
        Info: + Longest register to register delay is 2.353 ns
            Info: 1: + IC(0.000 ns) + CELL(0.000 ns) = 0.000 ns; Loc. = LCFF_X8_Y2_N7; Fanout = 10; REG Node = 'usbconnection:inst|current_state.latch_data_from_host'
            Info: 2: + IC(1.498 ns) + CELL(0.855 ns) = 2.353 ns; Loc. = LCFF_X3_Y4_N29; Fanout = 3; REG Node = 'usbconnection:inst|a_in[5]'
            Info: Total cell delay = 0.855 ns ( 36.34 % )
            Info: Total interconnect delay = 1.498 ns ( 63.66 % )
        Info: - Smallest clock skew is -0.016 ns
            Info: + Shortest clock path from clock "clock" to destination register is 2.749 ns
                Info: 1: + IC(0.000 ns) + CELL(1.110 ns) = 1.110 ns; Loc. = PIN_91; Fanout = 1; CLK Node = 'clock'
                Info: 2: + IC(0.143 ns) + CELL(0.000 ns) = 1.253 ns; Loc. = CLKCTRL_G6; Fanout = 27; COMB Node = 'clock~clkctrl'
                Info: 3: + IC(0.830 ns) + CELL(0.666 ns) = 2.749 ns; Loc. = LCFF_X3_Y4_N29; Fanout = 3; REG Node = 'usbconnection:inst|a_in[5]'
                Info: Total cell delay = 1.776 ns ( 64.61 % )
                Info: Total interconnect delay = 0.973 ns ( 35.39 % )
            Info: - Longest clock path from clock "clock" to source register is 2.765 ns
                Info: 1: + IC(0.000 ns) + CELL(1.110 ns) = 1.110 ns; Loc. = PIN_91; Fanout = 1; CLK Node = 'clock'
                Info: 2: + IC(0.143 ns) + CELL(0.000 ns) = 1.253 ns; Loc. = CLKCTRL_G6; Fanout = 27; COMB Node = 'clock~clkctrl'
                Info: 3: + IC(0.846 ns) + CELL(0.666 ns) = 2.765 ns; Loc. = LCFF_X8_Y2_N7; Fanout = 10; REG Node = 'usbconnection:inst|current_state.latch_data_from_host'
                Info: Total cell delay = 1.776 ns ( 64.23 % )
                Info: Total interconnect delay = 0.989 ns ( 35.77 % )
        Info: + Micro clock to output delay of source is 0.304 ns
        Info: + Micro setup delay of destination is -0.040 ns
Info: Clock "clk" Internal fmax is restricted to 340.02 MHz between source register "counter:inst5|74161:inst|f74161:sub|9" and destination register "counter:inst5|74161:inst|f74161:sub|87"
    Info: fmax restricted to clock pin edge rate 2.941 ns. Expand message to see actual delay path.
        Info: + Longest register to register delay is 1.028 ns
            Info: 1: + IC(0.000 ns) + CELL(0.000 ns) = 0.000 ns; Loc. = LCFF_X5_Y5_N15; Fanout = 3; REG Node = 'counter:inst5|74161:inst|f74161:sub|9'
            Info: 2: + IC(0.714 ns) + CELL(0.206 ns) = 0.920 ns; Loc. = LCCOMB_X5_Y5_N0; Fanout = 1; COMB Node = 'counter:inst5|74161:inst|f74161:sub|87~0'
            Info: 3: + IC(0.000 ns) + CELL(0.108 ns) = 1.028 ns; Loc. = LCFF_X5_Y5_N1; Fanout = 7; REG Node = 'counter:inst5|74161:inst|f74161:sub|87'
            Info: Total cell delay = 0.314 ns ( 30.54 % )
            Info: Total interconnect delay = 0.714 ns ( 69.46 % )
        Info: - Smallest clock skew is 0.000 ns
            Info: + Shortest clock path from clock "clk" to destination register is 2.748 ns
                Info: 1: + IC(0.000 ns) + CELL(1.110 ns) = 1.110 ns; Loc. = PIN_89; Fanout = 1; CLK Node = 'clk'
                Info: 2: + IC(0.143 ns) + CELL(0.000 ns) = 1.253 ns; Loc. = CLKCTRL_G7; Fanout = 3; COMB Node = 'clk~clkctrl'
                Info: 3: + IC(0.829 ns) + CELL(0.666 ns) = 2.748 ns; Loc. = LCFF_X5_Y5_N1; Fanout = 7; REG Node = 'counter:inst5|74161:inst|f74161:sub|87'
                Info: Total cell delay = 1.776 ns ( 64.63 % )
                Info: Total interconnect delay = 0.972 ns ( 35.37 % )
            Info: - Longest clock path from clock "clk" to source register is 2.748 ns
                Info: 1: + IC(0.000 ns) + CELL(1.110 ns) = 1.110 ns; Loc. = PIN_89; Fanout = 1; CLK Node = 'clk'
                Info: 2: + IC(0.143 ns) + CELL(0.000 ns) = 1.253 ns; Loc. = CLKCTRL_G7; Fanout = 3; COMB Node = 'clk~clkctrl'
                Info: 3: + IC(0.829 ns) + CELL(0.666 ns) = 2.748 ns; Loc. = LCFF_X5_Y5_N15; Fanout = 3; REG Node = 'counter:inst5|74161:inst|f74161:sub|9'
                Info: Total cell delay = 1.776 ns ( 64.63 % )
                Info: Total interconnect delay = 0.972 ns ( 35.37 % )
        Info: + Micro clock to output delay of source is 0.304 ns
        Info: + Micro setup delay of destination is -0.040 ns
Info: tsu for register "usbconnection:inst|next_state.wait_nrxf_low" (data pin = "nrxf", clock pin = "clock") is 5.586 ns
    Info: + Longest pin to register delay is 8.391 ns
        Info: 1: + IC(0.000 ns) + CELL(0.954 ns) = 0.954 ns; Loc. = PIN_144; Fanout = 2; PIN Node = 'nrxf'
        Info: 2: + IC(6.959 ns) + CELL(0.370 ns) = 8.283 ns; Loc. = LCCOMB_X8_Y2_N26; Fanout = 1; COMB Node = 'usbconnection:inst|Selector0~0'
        Info: 3: + IC(0.000 ns) + CELL(0.108 ns) = 8.391 ns; Loc. = LCFF_X8_Y2_N27; Fanout = 1; REG Node = 'usbconnection:inst|next_state.wait_nrxf_low'
        Info: Total cell delay = 1.432 ns ( 17.07 % )
        Info: Total interconnect delay = 6.959 ns ( 82.93 % )
    Info: + Micro setup delay of destination is -0.040 ns
    Info: - Shortest clock path from clock "clock" to destination register is 2.765 ns
        Info: 1: + IC(0.000 ns) + CELL(1.110 ns) = 1.110 ns; Loc. = PIN_91; Fanout = 1; CLK Node = 'clock'
        Info: 2: + IC(0.143 ns) + CELL(0.000 ns) = 1.253 ns; Loc. = CLKCTRL_G6; Fanout = 27; COMB Node = 'clock~clkctrl'
        Info: 3: + IC(0.846 ns) + CELL(0.666 ns) = 2.765 ns; Loc. = LCFF_X8_Y2_N27; Fanout = 1; REG Node = 'usbconnection:inst|next_state.wait_nrxf_low'
        Info: Total cell delay = 1.776 ns ( 64.23 % )
        Info: Total interconnect delay = 0.989 ns ( 35.77 % )
Info: tco from clock "clock" to destination pin "qb" through register "usbconnection:inst|dout[3]" is 11.368 ns
    Info: + Longest clock path from clock "clock" to source register is 2.749 ns
        Info: 1: + IC(0.000 ns) + CELL(1.110 ns) = 1.110 ns; Loc. = PIN_91; Fanout = 1; CLK Node = 'clock'
        Info: 2: + IC(0.143 ns) + CELL(0.000 ns) = 1.253 ns; Loc. = CLKCTRL_G6; Fanout = 27; COMB Node = 'clock~clkctrl'
        Info: 3: + IC(0.830 ns) + CELL(0.666 ns) = 2.749 ns; Loc. = LCFF_X3_Y4_N11; Fanout = 3; REG Node = 'usbconnection:inst|dout[3]'
        Info: Total cell delay = 1.776 ns ( 64.61 % )
        Info: Total interconnect delay = 0.973 ns ( 35.39 % )
    Info: + Micro clock to output delay of source is 0.304 ns
    Info: + Longest register to pin delay is 8.315 ns
        Info: 1: + IC(0.000 ns) + CELL(0.000 ns) = 0.000 ns; Loc. = LCFF_X3_Y4_N11; Fanout = 3; REG Node = 'usbconnection:inst|dout[3]'
        Info: 2: + IC(1.568 ns) + CELL(0.651 ns) = 2.219 ns; Loc. = LCCOMB_X5_Y5_N4; Fanout = 7; COMB Node = 'mux2_1:inst6|dout[3]~6'
        Info: 3: + IC(0.417 ns) + CELL(0.370 ns) = 3.006 ns; Loc. = LCCOMB_X5_Y5_N10; Fanout = 1; COMB Node = 'n7449:inst7|dout[5]~101'
        Info: 4: + IC(2.073 ns) + CELL(3.236 ns) = 8.315 ns; Loc. = PIN_134; Fanout = 0; PIN Node = 'qb'
        Info: Total cell delay = 4.257 ns ( 51.20 % )
        Info: Total interconnect delay = 4.058 ns ( 48.80 % )
Info: th for register "usbconnection:inst|a_in[7]" (data pin = "din[7]", clock pin = "clock") is -4.242 ns
    Info: + Longest clock path from clock "clock" to destination register is 2.749 ns
        Info: 1: + IC(0.000 ns) + CELL(1.110 ns) = 1.110 ns; Loc. = PIN_91; Fanout = 1; CLK Node = 'clock'
        Info: 2: + IC(0.143 ns) + CELL(0.000 ns) = 1.253 ns; Loc. = CLKCTRL_G6; Fanout = 27; COMB Node = 'clock~clkctrl'
        Info: 3: + IC(0.830 ns) + CELL(0.666 ns) = 2.749 ns; Loc. = LCFF_X3_Y4_N25; Fanout = 2; REG Node = 'usbconnection:inst|a_in[7]'
        Info: Total cell delay = 1.776 ns ( 64.61 % )
        Info: Total interconnect delay = 0.973 ns ( 35.39 % )
    Info: + Micro hold delay of destination is 0.306 ns
    Info: - Shortest pin to register delay is 7.297 ns
        Info: 1: + IC(0.000 ns) + CELL(0.000 ns) = 0.000 ns; Loc. = PIN_28; Fanout = 1; PIN Node = 'din[7]'
        Info: 2: + IC(0.000 ns) + CELL(0.955 ns) = 0.955 ns; Loc. = IOC_X0_Y4_N3; Fanout = 1; COMB Node = 'din~0'
        Info: 3: + IC(5.610 ns) + CELL(0.624 ns) = 7.189 ns; Loc. = LCCOMB_X3_Y4_N24; Fanout = 1; COMB Node = 'inst3[7]~6'
        Info: 4: + IC(0.000 ns) + CELL(0.108 ns) = 7.297 ns; Loc. = LCFF_X3_Y4_N25; Fanout = 2; REG Node = 'usbconnection:inst|a_in[7]'
        Info: Total cell delay = 1.687 ns ( 23.12 % )
        Info: Total interconnect delay = 5.610 ns ( 76.88 % )
Info: Quartus II Classic Timing Analyzer was successful. 0 errors, 1 warning
    Info: Peak virtual memory: 190 megabytes
    Info: Processing ended: Mon May 10 18:58:08 2021
    Info: Elapsed time: 00:00:00
    Info: Total CPU time (on all processors): 00:00:00


