Analysis & Synthesis report for crc
Mon May 10 18:58:03 2021
Quartus II Version 9.0 Build 184 04/29/2009 Service Pack 1 SJ Web Edition


---------------------
; Table of Contents ;
---------------------
  1. Legal Notice
  2. Analysis & Synthesis Summary
  3. Analysis & Synthesis Settings
  4. Analysis & Synthesis Source Files Read
  5. Analysis & Synthesis Resource Usage Summary
  6. Analysis & Synthesis Resource Utilization by Entity
  7. State Machine - |crc|usbconnection:inst|next_state
  8. State Machine - |crc|usbconnection:inst|current_state
  9. Registers Removed During Synthesis
 10. General Register Statistics
 11. Parameter Settings for User Entity Instance: counter:inst5|74161:inst
 12. Analysis & Synthesis Messages



----------------
; Legal Notice ;
----------------
Copyright (C) 1991-2009 Altera Corporation
Your use of Altera Corporation's design tools, logic functions 
and other software and tools, and its AMPP partner logic 
functions, and any output files from any of the foregoing 
(including device programming or simulation files), and any 
associated documentation or information are expressly subject 
to the terms and conditions of the Altera Program License 
Subscription Agreement, Altera MegaCore Function License 
Agreement, or other applicable license agreement, including, 
without limitation, that your use is for the sole purpose of 
programming logic devices manufactured by Altera and sold by 
Altera or its authorized distributors.  Please refer to the 
applicable agreement for further details.



+-----------------------------------------------------------------------------------+
; Analysis & Synthesis Summary                                                      ;
+------------------------------------+----------------------------------------------+
; Analysis & Synthesis Status        ; Successful - Mon May 10 18:58:03 2021        ;
; Quartus II Version                 ; 9.0 Build 184 04/29/2009 SP 1 SJ Web Edition ;
; Revision Name                      ; crc                                          ;
; Top-level Entity Name              ; crc                                          ;
; Family                             ; Cyclone II                                   ;
; Total logic elements               ; 44                                           ;
;     Total combinational functions  ; 36                                           ;
;     Dedicated logic registers      ; 30                                           ;
; Total registers                    ; 30                                           ;
; Total pins                         ; 23                                           ;
; Total virtual pins                 ; 0                                            ;
; Total memory bits                  ; 0                                            ;
; Embedded Multiplier 9-bit elements ; 0                                            ;
; Total PLLs                         ; 0                                            ;
+------------------------------------+----------------------------------------------+


+--------------------------------------------------------------------------------------------------------+
; Analysis & Synthesis Settings                                                                          ;
+--------------------------------------------------------------+--------------------+--------------------+
; Option                                                       ; Setting            ; Default Value      ;
+--------------------------------------------------------------+--------------------+--------------------+
; Device                                                       ; EP2C5T144C8        ;                    ;
; Top-level entity name                                        ; crc                ; crc                ;
; Family name                                                  ; Cyclone II         ; Stratix II         ;
; Use Generated Physical Constraints File                      ; Off                ;                    ;
; Use smart compilation                                        ; Off                ; Off                ;
; Restructure Multiplexers                                     ; Auto               ; Auto               ;
; Create Debugging Nodes for IP Cores                          ; Off                ; Off                ;
; Preserve fewer node names                                    ; On                 ; On                 ;
; Disable OpenCore Plus hardware evaluation                    ; Off                ; Off                ;
; Verilog Version                                              ; Verilog_2001       ; Verilog_2001       ;
; VHDL Version                                                 ; VHDL93             ; VHDL93             ;
; State Machine Processing                                     ; Auto               ; Auto               ;
; Safe State Machine                                           ; Off                ; Off                ;
; Extract Verilog State Machines                               ; On                 ; On                 ;
; Extract VHDL State Machines                                  ; On                 ; On                 ;
; Ignore Verilog initial constructs                            ; Off                ; Off                ;
; Iteration limit for constant Verilog loops                   ; 5000               ; 5000               ;
; Iteration limit for non-constant Verilog loops               ; 250                ; 250                ;
; Add Pass-Through Logic to Inferred RAMs                      ; On                 ; On                 ;
; Parallel Synthesis                                           ; Off                ; Off                ;
; DSP Block Balancing                                          ; Auto               ; Auto               ;
; NOT Gate Push-Back                                           ; On                 ; On                 ;
; Power-Up Don't Care                                          ; On                 ; On                 ;
; Remove Redundant Logic Cells                                 ; Off                ; Off                ;
; Remove Duplicate Registers                                   ; On                 ; On                 ;
; Ignore CARRY Buffers                                         ; Off                ; Off                ;
; Ignore CASCADE Buffers                                       ; Off                ; Off                ;
; Ignore GLOBAL Buffers                                        ; Off                ; Off                ;
; Ignore ROW GLOBAL Buffers                                    ; Off                ; Off                ;
; Ignore LCELL Buffers                                         ; Off                ; Off                ;
; Ignore SOFT Buffers                                          ; On                 ; On                 ;
; Limit AHDL Integers to 32 Bits                               ; Off                ; Off                ;
; Optimization Technique                                       ; Balanced           ; Balanced           ;
; Carry Chain Length                                           ; 70                 ; 70                 ;
; Auto Carry Chains                                            ; On                 ; On                 ;
; Auto Open-Drain Pins                                         ; On                 ; On                 ;
; Perform WYSIWYG Primitive Resynthesis                        ; Off                ; Off                ;
; Auto ROM Replacement                                         ; On                 ; On                 ;
; Auto RAM Replacement                                         ; On                 ; On                 ;
; Auto Shift Register Replacement                              ; Auto               ; Auto               ;
; Auto Clock Enable Replacement                                ; On                 ; On                 ;
; Strict RAM Replacement                                       ; Off                ; Off                ;
; Allow Synchronous Control Signals                            ; On                 ; On                 ;
; Force Use of Synchronous Clear Signals                       ; Off                ; Off                ;
; Auto RAM to Logic Cell Conversion                            ; Off                ; Off                ;
; Auto Resource Sharing                                        ; Off                ; Off                ;
; Allow Any RAM Size For Recognition                           ; Off                ; Off                ;
; Allow Any ROM Size For Recognition                           ; Off                ; Off                ;
; Allow Any Shift Register Size For Recognition                ; Off                ; Off                ;
; Use LogicLock Constraints during Resource Balancing          ; On                 ; On                 ;
; Ignore translate_off and synthesis_off directives            ; Off                ; Off                ;
; Timing-Driven Synthesis                                      ; Off                ; Off                ;
; Show Parameter Settings Tables in Synthesis Report           ; On                 ; On                 ;
; Ignore Maximum Fan-Out Assignments                           ; Off                ; Off                ;
; Synchronization Register Chain Length                        ; 2                  ; 2                  ;
; PowerPlay Power Optimization                                 ; Normal compilation ; Normal compilation ;
; HDL message level                                            ; Level2             ; Level2             ;
; Suppress Register Optimization Related Messages              ; Off                ; Off                ;
; Number of Removed Registers Reported in Synthesis Report     ; 100                ; 100                ;
; Number of Inverted Registers Reported in Synthesis Report    ; 100                ; 100                ;
; Clock MUX Protection                                         ; On                 ; On                 ;
; Auto Gated Clock Conversion                                  ; Off                ; Off                ;
; Block Design Naming                                          ; Auto               ; Auto               ;
; SDC constraint protection                                    ; Off                ; Off                ;
; Synthesis Effort                                             ; Auto               ; Auto               ;
; Shift Register Replacement - Allow Asynchronous Clear Signal ; On                 ; On                 ;
; Analysis & Synthesis Message Level                           ; Medium             ; Medium             ;
+--------------------------------------------------------------+--------------------+--------------------+


+---------------------------------------------------------------------------------------------------------------------------------------------------------------+
; Analysis & Synthesis Source Files Read                                                                                                                        ;
+----------------------------------+-----------------+------------------------------------------+---------------------------------------------------------------+
; File Name with User-Entered Path ; Used in Netlist ; File Type                                ; File Name with Absolute Path                                  ;
+----------------------------------+-----------------+------------------------------------------+---------------------------------------------------------------+
; crc.bdf                          ; yes             ; Auto-Found Block Diagram/Schematic File  ; D:/实验/数字系统实验/状态机描述/a级任务/crc/crc.bdf           ;
; usbconnection.vhd                ; yes             ; Auto-Found VHDL File                     ; D:/实验/数字系统实验/状态机描述/a级任务/crc/usbconnection.vhd ;
; road_sel.vhd                     ; yes             ; Auto-Found VHDL File                     ; D:/实验/数字系统实验/状态机描述/a级任务/crc/road_sel.vhd      ;
; n7449.vhd                        ; yes             ; Auto-Found VHDL File                     ; D:/实验/数字系统实验/状态机描述/a级任务/crc/n7449.vhd         ;
; mux2_1.vhd                       ; yes             ; Auto-Found VHDL File                     ; D:/实验/数字系统实验/状态机描述/a级任务/crc/mux2_1.vhd        ;
; counter.bdf                      ; yes             ; Auto-Found Block Diagram/Schematic File  ; D:/实验/数字系统实验/状态机描述/a级任务/crc/counter.bdf       ;
; 74161.tdf                        ; yes             ; Megafunction                             ; d:/quartus/libraries/others/maxplus2/74161.tdf                ;
; aglobal.inc                      ; yes             ; Megafunction                             ; d:/quartus/libraries/megafunctions/aglobal.inc                ;
; f74161.bdf                       ; yes             ; Megafunction                             ; d:/quartus/libraries/others/maxplus2/f74161.bdf               ;
+----------------------------------+-----------------+------------------------------------------+---------------------------------------------------------------+


+-----------------------------------------------------+
; Analysis & Synthesis Resource Usage Summary         ;
+---------------------------------------------+-------+
; Resource                                    ; Usage ;
+---------------------------------------------+-------+
; Estimated Total logic elements              ; 44    ;
;                                             ;       ;
; Total combinational functions               ; 36    ;
; Logic element usage by number of LUT inputs ;       ;
;     -- 4 input functions                    ; 9     ;
;     -- 3 input functions                    ; 17    ;
;     -- <=2 input functions                  ; 10    ;
;                                             ;       ;
; Logic elements by mode                      ;       ;
;     -- normal mode                          ; 36    ;
;     -- arithmetic mode                      ; 0     ;
;                                             ;       ;
; Total registers                             ; 30    ;
;     -- Dedicated logic registers            ; 30    ;
;     -- I/O registers                        ; 0     ;
;                                             ;       ;
; I/O pins                                    ; 23    ;
; Maximum fan-out node                        ; clock ;
; Maximum fan-out                             ; 27    ;
; Total fan-out                               ; 205   ;
; Average fan-out                             ; 2.30  ;
+---------------------------------------------+-------+


+--------------------------------------------------------------------------------------------------------------------------------------------------------------------------------------------------+
; Analysis & Synthesis Resource Utilization by Entity                                                                                                                                              ;
+----------------------------+-------------------+--------------+-------------+--------------+---------+-----------+------+--------------+------------------------------------------+--------------+
; Compilation Hierarchy Node ; LC Combinationals ; LC Registers ; Memory Bits ; DSP Elements ; DSP 9x9 ; DSP 18x18 ; Pins ; Virtual Pins ; Full Hierarchy Name                      ; Library Name ;
+----------------------------+-------------------+--------------+-------------+--------------+---------+-----------+------+--------------+------------------------------------------+--------------+
; |crc                       ; 36 (8)            ; 30 (0)       ; 0           ; 0            ; 0       ; 0         ; 23   ; 0            ; |crc                                     ; work         ;
;    |counter:inst5|         ; 3 (1)             ; 3 (1)        ; 0           ; 0            ; 0       ; 0         ; 0    ; 0            ; |crc|counter:inst5                       ; work         ;
;       |74161:inst|         ; 2 (0)             ; 2 (0)        ; 0           ; 0            ; 0       ; 0         ; 0    ; 0            ; |crc|counter:inst5|74161:inst            ; work         ;
;          |f74161:sub|      ; 2 (2)             ; 2 (2)        ; 0           ; 0            ; 0       ; 0         ; 0    ; 0            ; |crc|counter:inst5|74161:inst|f74161:sub ; work         ;
;    |mux2_1:inst6|          ; 3 (3)             ; 0 (0)        ; 0           ; 0            ; 0       ; 0         ; 0    ; 0            ; |crc|mux2_1:inst6                        ; work         ;
;    |n7449:inst7|           ; 7 (7)             ; 0 (0)        ; 0           ; 0            ; 0       ; 0         ; 0    ; 0            ; |crc|n7449:inst7                         ; work         ;
;    |road_sel:inst1|        ; 1 (1)             ; 0 (0)        ; 0           ; 0            ; 0       ; 0         ; 0    ; 0            ; |crc|road_sel:inst1                      ; work         ;
;    |usbconnection:inst|    ; 14 (14)           ; 27 (27)      ; 0           ; 0            ; 0       ; 0         ; 0    ; 0            ; |crc|usbconnection:inst                  ; work         ;
+----------------------------+-------------------+--------------+-------------+--------------+---------+-----------+------+--------------+------------------------------------------+--------------+
Note: For table entries with two numbers listed, the numbers in parentheses indicate the number of resources of the given type used by the specific entity alone. The numbers listed outside of parentheses indicate the total resources of the given type used by the specific entity and all of its sub-entities in the hierarchy.


Encoding Type:  One-Hot
+-------------------------------------------------------------------------------------------------------------------------------------------------------------------------------------------------------+
; State Machine - |crc|usbconnection:inst|next_state                                                                                                                                                    ;
+---------------------------------+---------------------------+------------------------+--------------------------+---------------------------------+------------------------+--------------------------+
; Name                            ; next_state.send_data_host ; next_state.set_wr_high ; next_state.wait_ntxe_low ; next_state.latch_data_from_host ; next_state.set_nrd_low ; next_state.wait_nrxf_low ;
+---------------------------------+---------------------------+------------------------+--------------------------+---------------------------------+------------------------+--------------------------+
; next_state.wait_nrxf_low        ; 0                         ; 0                      ; 0                        ; 0                               ; 0                      ; 0                        ;
; next_state.set_nrd_low          ; 0                         ; 0                      ; 0                        ; 0                               ; 1                      ; 1                        ;
; next_state.latch_data_from_host ; 0                         ; 0                      ; 0                        ; 1                               ; 0                      ; 1                        ;
; next_state.wait_ntxe_low        ; 0                         ; 0                      ; 1                        ; 0                               ; 0                      ; 1                        ;
; next_state.set_wr_high          ; 0                         ; 1                      ; 0                        ; 0                               ; 0                      ; 1                        ;
; next_state.send_data_host       ; 1                         ; 0                      ; 0                        ; 0                               ; 0                      ; 1                        ;
+---------------------------------+---------------------------+------------------------+--------------------------+---------------------------------+------------------------+--------------------------+


Encoding Type:  One-Hot
+----------------------------------------------------------------------------------------------------------------------------------------------------------------------------------------------------------------------------+
; State Machine - |crc|usbconnection:inst|current_state                                                                                                                                                                      ;
+------------------------------------+------------------------------+---------------------------+-----------------------------+------------------------------------+---------------------------+-----------------------------+
; Name                               ; current_state.send_data_host ; current_state.set_wr_high ; current_state.wait_ntxe_low ; current_state.latch_data_from_host ; current_state.set_nrd_low ; current_state.wait_nrxf_low ;
+------------------------------------+------------------------------+---------------------------+-----------------------------+------------------------------------+---------------------------+-----------------------------+
; current_state.wait_nrxf_low        ; 0                            ; 0                         ; 0                           ; 0                                  ; 0                         ; 0                           ;
; current_state.set_nrd_low          ; 0                            ; 0                         ; 0                           ; 0                                  ; 1                         ; 1                           ;
; current_state.latch_data_from_host ; 0                            ; 0                         ; 0                           ; 1                                  ; 0                         ; 1                           ;
; current_state.wait_ntxe_low        ; 0                            ; 0                         ; 1                           ; 0                                  ; 0                         ; 1                           ;
; current_state.set_wr_high          ; 0                            ; 1                         ; 0                           ; 0                                  ; 0                         ; 1                           ;
; current_state.send_data_host       ; 1                            ; 0                         ; 0                           ; 0                                  ; 0                         ; 1                           ;
+------------------------------------+------------------------------+---------------------------+-----------------------------+------------------------------------+---------------------------+-----------------------------+


+--------------------------------------------------------------------------------+
; Registers Removed During Synthesis                                             ;
+---------------------------------------+----------------------------------------+
; Register name                         ; Reason for Removal                     ;
+---------------------------------------+----------------------------------------+
; usbconnection:inst|dout[5..7]         ; Stuck at GND due to stuck port data_in ;
; Total Number of Removed Registers = 3 ;                                        ;
+---------------------------------------+----------------------------------------+


+------------------------------------------------------+
; General Register Statistics                          ;
+----------------------------------------------+-------+
; Statistic                                    ; Value ;
+----------------------------------------------+-------+
; Total registers                              ; 30    ;
; Number of registers using Synchronous Clear  ; 0     ;
; Number of registers using Synchronous Load   ; 0     ;
; Number of registers using Asynchronous Clear ; 2     ;
; Number of registers using Asynchronous Load  ; 0     ;
; Number of registers using Clock Enable       ; 13    ;
; Number of registers using Preset             ; 0     ;
+----------------------------------------------+-------+


+-----------------------------------------------------------------------+
; Parameter Settings for User Entity Instance: counter:inst5|74161:inst ;
+------------------------+------------+---------------------------------+
; Parameter Name         ; Value      ; Type                            ;
+------------------------+------------+---------------------------------+
; DEVICE_FAMILY          ; Cyclone II ; Untyped                         ;
; AUTO_CARRY_CHAINS      ; ON         ; AUTO_CARRY                      ;
; IGNORE_CARRY_BUFFERS   ; OFF        ; IGNORE_CARRY                    ;
; AUTO_CASCADE_CHAINS    ; ON         ; AUTO_CASCADE                    ;
; IGNORE_CASCADE_BUFFERS ; OFF        ; IGNORE_CASCADE                  ;
+------------------------+------------+---------------------------------+
Note: In order to hide this table in the UI and the text report file, please set the "Show Parameter Settings Tables in Synthesis Report" option in "Analysis and Synthesis Settings -> More Settings" to "Off".


+-------------------------------+
; Analysis & Synthesis Messages ;
+-------------------------------+
Info: *******************************************************************
Info: Running Quartus II Analysis & Synthesis
    Info: Version 9.0 Build 184 04/29/2009 Service Pack 1 SJ Web Edition
    Info: Processing started: Mon May 10 18:58:01 2021
Info: Command: quartus_map --read_settings_files=on --write_settings_files=off crc -c crc
Warning: Using design file crc.bdf, which is not specified as a design file for the current project, but contains definitions for 1 design units and 1 entities in project
    Info: Found entity 1: crc
Info: Elaborating entity "crc" for the top level hierarchy
Warning: Using design file usbconnection.vhd, which is not specified as a design file for the current project, but contains definitions for 2 design units and 1 entities in project
    Info: Found design unit 1: USBconnection-USBconnection
    Info: Found entity 1: usbconnection
Info: Elaborating entity "usbconnection" for hierarchy "usbconnection:inst"
Warning (10036): Verilog HDL or VHDL warning at usbconnection.vhd(24): object "b_out" assigned a value but never read
Warning (10492): VHDL Process Statement warning at usbconnection.vhd(83): signal "a_in" is read inside the Process Statement but isn't in the Process Statement's sensitivity list
Warning (10492): VHDL Process Statement warning at usbconnection.vhd(84): signal "input" is read inside the Process Statement but isn't in the Process Statement's sensitivity list
Warning (10492): VHDL Process Statement warning at usbconnection.vhd(85): signal "input" is read inside the Process Statement but isn't in the Process Statement's sensitivity list
Warning (10492): VHDL Process Statement warning at usbconnection.vhd(86): signal "input" is read inside the Process Statement but isn't in the Process Statement's sensitivity list
Warning (10492): VHDL Process Statement warning at usbconnection.vhd(87): signal "input" is read inside the Process Statement but isn't in the Process Statement's sensitivity list
Warning (10492): VHDL Process Statement warning at usbconnection.vhd(88): signal "input" is read inside the Process Statement but isn't in the Process Statement's sensitivity list
Warning (10492): VHDL Process Statement warning at usbconnection.vhd(89): signal "input" is read inside the Process Statement but isn't in the Process Statement's sensitivity list
Warning (10492): VHDL Process Statement warning at usbconnection.vhd(97): signal "p" is read inside the Process Statement but isn't in the Process Statement's sensitivity list
Warning (10492): VHDL Process Statement warning at usbconnection.vhd(100): signal "input" is read inside the Process Statement but isn't in the Process Statement's sensitivity list
Warning (10492): VHDL Process Statement warning at usbconnection.vhd(108): signal "p" is read inside the Process Statement but isn't in the Process Statement's sensitivity list
Warning (10492): VHDL Process Statement warning at usbconnection.vhd(112): signal "o" is read inside the Process Statement but isn't in the Process Statement's sensitivity list
Warning: Using design file road_sel.vhd, which is not specified as a design file for the current project, but contains definitions for 2 design units and 1 entities in project
    Info: Found design unit 1: road_sel-bhv
    Info: Found entity 1: road_sel
Info: Elaborating entity "road_sel" for hierarchy "road_sel:inst1"
Warning (10492): VHDL Process Statement warning at road_sel.vhd(15): signal "nrd" is read inside the Process Statement but isn't in the Process Statement's sensitivity list
Warning: Using design file n7449.vhd, which is not specified as a design file for the current project, but contains definitions for 2 design units and 1 entities in project
    Info: Found design unit 1: n7449-lpf
    Info: Found entity 1: n7449
Info: Elaborating entity "n7449" for hierarchy "n7449:inst7"
Info (10041): Inferred latch for "dout[0]" at n7449.vhd(9)
Info (10041): Inferred latch for "dout[1]" at n7449.vhd(9)
Info (10041): Inferred latch for "dout[2]" at n7449.vhd(9)
Info (10041): Inferred latch for "dout[3]" at n7449.vhd(9)
Info (10041): Inferred latch for "dout[4]" at n7449.vhd(9)
Info (10041): Inferred latch for "dout[5]" at n7449.vhd(9)
Info (10041): Inferred latch for "dout[6]" at n7449.vhd(9)
Warning: Using design file mux2_1.vhd, which is not specified as a design file for the current project, but contains definitions for 2 design units and 1 entities in project
    Info: Found design unit 1: mux2_1-rtl
    Info: Found entity 1: mux2_1
Info: Elaborating entity "mux2_1" for hierarchy "mux2_1:inst6"
Warning: Using design file counter.bdf, which is not specified as a design file for the current project, but contains definitions for 1 design units and 1 entities in project
    Info: Found entity 1: counter
Info: Elaborating entity "counter" for hierarchy "counter:inst5"
Info: Elaborating entity "74161" for hierarchy "counter:inst5|74161:inst"
Info: Elaborated megafunction instantiation "counter:inst5|74161:inst"
Info: Elaborating entity "f74161" for hierarchy "counter:inst5|74161:inst|f74161:sub"
Info: Elaborated megafunction instantiation "counter:inst5|74161:inst|f74161:sub", which is child of megafunction instantiation "counter:inst5|74161:inst"
Info: Ignored 1 buffer(s)
    Info: Ignored 1 CARRY buffer(s)
Warning: Tri-state node(s) do not directly drive top-level pin(s)
    Warning: Converted the fan-out from the tri-state buffer "inst3[7]" to the node "usbconnection:inst|a_in[7]" into an OR gate
    Warning: Converted the fan-out from the tri-state buffer "inst3[6]" to the node "usbconnection:inst|a_in[6]" into an OR gate
    Warning: Converted the fan-out from the tri-state buffer "inst3[1]" to the node "usbconnection:inst|a_in[1]" into an OR gate
    Warning: Converted the fan-out from the tri-state buffer "inst3[4]" to the node "usbconnection:inst|a_in[4]" into an OR gate
    Warning: Converted the fan-out from the tri-state buffer "inst3[2]" to the node "usbconnection:inst|a_in[2]" into an OR gate
    Warning: Converted the fan-out from the tri-state buffer "inst3[5]" to the node "usbconnection:inst|a_in[5]" into an OR gate
    Warning: Converted the fan-out from the tri-state buffer "inst3[3]" to the node "usbconnection:inst|a_in[3]" into an OR gate
    Warning: Converted the fan-out from the tri-state buffer "inst3[0]" to the node "usbconnection:inst|a_in[0]" into an OR gate
Info: Implemented 67 device resources after synthesis - the final resource count might be different
    Info: Implemented 4 input pins
    Info: Implemented 11 output pins
    Info: Implemented 8 bidirectional pins
    Info: Implemented 44 logic cells
Info: Quartus II Analysis & Synthesis was successful. 0 errors, 28 warnings
    Info: Peak virtual memory: 252 megabytes
    Info: Processing ended: Mon May 10 18:58:03 2021
    Info: Elapsed time: 00:00:02
    Info: Total CPU time (on all processors): 00:00:02


