Classic Timing Analyzer report for counter
Fri May 07 08:30:59 2021
Quartus II Version 9.0 Build 184 04/29/2009 Service Pack 1 SJ Web Edition


---------------------
; Table of Contents ;
---------------------
  1. Legal Notice
  2. Timing Analyzer Summary
  3. Timing Analyzer Settings
  4. Clock Settings Summary
  5. Parallel Compilation
  6. Clock Setup: 'clk'
  7. tco
  8. Timing Analyzer Messages



----------------
; Legal Notice ;
----------------
Copyright (C) 1991-2009 Altera Corporation
Your use of Altera Corporation's design tools, logic functions 
and other software and tools, and its AMPP partner logic 
functions, and any output files from any of the foregoing 
(including device programming or simulation files), and any 
associated documentation or information are expressly subject 
to the terms and conditions of the Altera Program License 
Subscription Agreement, Altera MegaCore Function License 
Agreement, or other applicable license agreement, including, 
without limitation, that your use is for the sole purpose of 
programming logic devices manufactured by Altera and sold by 
Altera or its authorized distributors.  Please refer to the 
applicable agreement for further details.



+---------------------------------------------------------------------------------------------------------------------------------------------------------------------------------+
; Timing Analyzer Summary                                                                                                                                                         ;
+------------------------------+-------+---------------+------------------------------------------------+--------------------------+-------+------------+----------+--------------+
; Type                         ; Slack ; Required Time ; Actual Time                                    ; From                     ; To    ; From Clock ; To Clock ; Failed Paths ;
+------------------------------+-------+---------------+------------------------------------------------+--------------------------+-------+------------+----------+--------------+
; Worst-case tco               ; N/A   ; None          ; 7.527 ns                                       ; 74161:inst|f74161:sub|9  ; q[0]  ; clk        ; --       ; 0            ;
; Clock Setup: 'clk'           ; N/A   ; None          ; Restricted to 340.02 MHz ( period = 2.941 ns ) ; 74161:inst|f74161:sub|87 ; inst3 ; clk        ; clk      ; 0            ;
; Total number of failed paths ;       ;               ;                                                ;                          ;       ;            ;          ; 0            ;
+------------------------------+-------+---------------+------------------------------------------------+--------------------------+-------+------------+----------+--------------+


+--------------------------------------------------------------------------------------------------------------------+
; Timing Analyzer Settings                                                                                           ;
+---------------------------------------------------------------------+--------------------+------+----+-------------+
; Option                                                              ; Setting            ; From ; To ; Entity Name ;
+---------------------------------------------------------------------+--------------------+------+----+-------------+
; Device Name                                                         ; EP2C5T144C8        ;      ;    ;             ;
; Timing Models                                                       ; Final              ;      ;    ;             ;
; Default hold multicycle                                             ; Same as Multicycle ;      ;    ;             ;
; Cut paths between unrelated clock domains                           ; On                 ;      ;    ;             ;
; Cut off read during write signal paths                              ; On                 ;      ;    ;             ;
; Cut off feedback from I/O pins                                      ; On                 ;      ;    ;             ;
; Report Combined Fast/Slow Timing                                    ; Off                ;      ;    ;             ;
; Ignore Clock Settings                                               ; Off                ;      ;    ;             ;
; Analyze latches as synchronous elements                             ; On                 ;      ;    ;             ;
; Enable Recovery/Removal analysis                                    ; Off                ;      ;    ;             ;
; Enable Clock Latency                                                ; Off                ;      ;    ;             ;
; Use TimeQuest Timing Analyzer                                       ; Off                ;      ;    ;             ;
; Minimum Core Junction Temperature                                   ; 0                  ;      ;    ;             ;
; Maximum Core Junction Temperature                                   ; 85                 ;      ;    ;             ;
; Number of source nodes to report per destination node               ; 10                 ;      ;    ;             ;
; Number of destination nodes to report                               ; 10                 ;      ;    ;             ;
; Number of paths to report                                           ; 200                ;      ;    ;             ;
; Report Minimum Timing Checks                                        ; Off                ;      ;    ;             ;
; Use Fast Timing Models                                              ; Off                ;      ;    ;             ;
; Report IO Paths Separately                                          ; Off                ;      ;    ;             ;
; Perform Multicorner Analysis                                        ; On                 ;      ;    ;             ;
; Reports the worst-case path for each clock domain and analysis      ; Off                ;      ;    ;             ;
; Removes common clock path pessimism (CCPP) during slack computation ; Off                ;      ;    ;             ;
; Output I/O Timing Endpoint                                          ; Near End           ;      ;    ;             ;
+---------------------------------------------------------------------+--------------------+------+----+-------------+


+------------------------------------------------------------------------------------------------------------------------------------------------------------------------------------+
; Clock Settings Summary                                                                                                                                                             ;
+-----------------+--------------------+----------+------------------+---------------+--------------+----------+-----------------------+---------------------+--------+--------------+
; Clock Node Name ; Clock Setting Name ; Type     ; Fmax Requirement ; Early Latency ; Late Latency ; Based on ; Multiply Base Fmax by ; Divide Base Fmax by ; Offset ; Phase offset ;
+-----------------+--------------------+----------+------------------+---------------+--------------+----------+-----------------------+---------------------+--------+--------------+
; clk             ;                    ; User Pin ; None             ; 0.000 ns      ; 0.000 ns     ; --       ; N/A                   ; N/A                 ; N/A    ;              ;
+-----------------+--------------------+----------+------------------+---------------+--------------+----------+-----------------------+---------------------+--------+--------------+


Parallel compilation was disabled, but you have multiple processors available. Enable parallel compilation to reduce compilation time.
+-------------------------------------+
; Parallel Compilation                ;
+----------------------------+--------+
; Processors                 ; Number ;
+----------------------------+--------+
; Number detected on machine ; 6      ;
; Maximum allowed            ; 1      ;
+----------------------------+--------+


+--------------------------------------------------------------------------------------------------------------------------------------------------------------------------------------------------------------------------+
; Clock Setup: 'clk'                                                                                                                                                                                                       ;
+-------+------------------------------------------------+--------------------------+--------------------------+------------+----------+-----------------------------+---------------------------+-------------------------+
; Slack ; Actual fmax (period)                           ; From                     ; To                       ; From Clock ; To Clock ; Required Setup Relationship ; Required Longest P2P Time ; Actual Longest P2P Time ;
+-------+------------------------------------------------+--------------------------+--------------------------+------------+----------+-----------------------------+---------------------------+-------------------------+
; N/A   ; Restricted to 340.02 MHz ( period = 2.941 ns ) ; 74161:inst|f74161:sub|87 ; inst3                    ; clk        ; clk      ; None                        ; None                      ; 0.921 ns                ;
; N/A   ; Restricted to 340.02 MHz ( period = 2.941 ns ) ; 74161:inst|f74161:sub|9  ; 74161:inst|f74161:sub|87 ; clk        ; clk      ; None                        ; None                      ; 0.757 ns                ;
; N/A   ; Restricted to 340.02 MHz ( period = 2.941 ns ) ; 74161:inst|f74161:sub|9  ; inst3                    ; clk        ; clk      ; None                        ; None                      ; 0.754 ns                ;
; N/A   ; Restricted to 340.02 MHz ( period = 2.941 ns ) ; 74161:inst|f74161:sub|87 ; 74161:inst|f74161:sub|87 ; clk        ; clk      ; None                        ; None                      ; 0.501 ns                ;
; N/A   ; Restricted to 340.02 MHz ( period = 2.941 ns ) ; 74161:inst|f74161:sub|9  ; 74161:inst|f74161:sub|9  ; clk        ; clk      ; None                        ; None                      ; 0.501 ns                ;
+-------+------------------------------------------------+--------------------------+--------------------------+------------+----------+-----------------------------+---------------------------+-------------------------+


+----------------------------------------------------------------------------------+
; tco                                                                              ;
+-------+--------------+------------+--------------------------+------+------------+
; Slack ; Required tco ; Actual tco ; From                     ; To   ; From Clock ;
+-------+--------------+------------+--------------------------+------+------------+
; N/A   ; None         ; 7.527 ns   ; 74161:inst|f74161:sub|9  ; q[0] ; clk        ;
; N/A   ; None         ; 7.200 ns   ; 74161:inst|f74161:sub|87 ; q[1] ; clk        ;
+-------+--------------+------------+--------------------------+------+------------+


+--------------------------+
; Timing Analyzer Messages ;
+--------------------------+
Info: *******************************************************************
Info: Running Quartus II Classic Timing Analyzer
    Info: Version 9.0 Build 184 04/29/2009 Service Pack 1 SJ Web Edition
    Info: Processing started: Fri May 07 08:30:58 2021
Info: Command: quartus_tan --read_settings_files=off --write_settings_files=off counter -c counter --timing_analysis_only
Warning: Found pins functioning as undefined clocks and/or memory enables
    Info: Assuming node "clk" is an undefined clock
Info: Clock "clk" Internal fmax is restricted to 340.02 MHz between source register "74161:inst|f74161:sub|87" and destination register "inst3"
    Info: fmax restricted to clock pin edge rate 2.941 ns. Expand message to see actual delay path.
        Info: + Longest register to register delay is 0.921 ns
            Info: 1: + IC(0.000 ns) + CELL(0.000 ns) = 0.000 ns; Loc. = LCFF_X1_Y6_N9; Fanout = 3; REG Node = '74161:inst|f74161:sub|87'
            Info: 2: + IC(0.443 ns) + CELL(0.370 ns) = 0.813 ns; Loc. = LCCOMB_X1_Y6_N28; Fanout = 1; COMB Node = 'inst1'
            Info: 3: + IC(0.000 ns) + CELL(0.108 ns) = 0.921 ns; Loc. = LCFF_X1_Y6_N29; Fanout = 1; REG Node = 'inst3'
            Info: Total cell delay = 0.478 ns ( 51.90 % )
            Info: Total interconnect delay = 0.443 ns ( 48.10 % )
        Info: - Smallest clock skew is 0.000 ns
            Info: + Shortest clock path from clock "clk" to destination register is 2.721 ns
                Info: 1: + IC(0.000 ns) + CELL(1.100 ns) = 1.100 ns; Loc. = PIN_17; Fanout = 1; CLK Node = 'clk'
                Info: 2: + IC(0.143 ns) + CELL(0.000 ns) = 1.243 ns; Loc. = CLKCTRL_G2; Fanout = 3; COMB Node = 'clk~clkctrl'
                Info: 3: + IC(0.812 ns) + CELL(0.666 ns) = 2.721 ns; Loc. = LCFF_X1_Y6_N29; Fanout = 1; REG Node = 'inst3'
                Info: Total cell delay = 1.766 ns ( 64.90 % )
                Info: Total interconnect delay = 0.955 ns ( 35.10 % )
            Info: - Longest clock path from clock "clk" to source register is 2.721 ns
                Info: 1: + IC(0.000 ns) + CELL(1.100 ns) = 1.100 ns; Loc. = PIN_17; Fanout = 1; CLK Node = 'clk'
                Info: 2: + IC(0.143 ns) + CELL(0.000 ns) = 1.243 ns; Loc. = CLKCTRL_G2; Fanout = 3; COMB Node = 'clk~clkctrl'
                Info: 3: + IC(0.812 ns) + CELL(0.666 ns) = 2.721 ns; Loc. = LCFF_X1_Y6_N9; Fanout = 3; REG Node = '74161:inst|f74161:sub|87'
                Info: Total cell delay = 1.766 ns ( 64.90 % )
                Info: Total interconnect delay = 0.955 ns ( 35.10 % )
        Info: + Micro clock to output delay of source is 0.304 ns
        Info: + Micro setup delay of destination is -0.040 ns
Info: tco from clock "clk" to destination pin "q[0]" through register "74161:inst|f74161:sub|9" is 7.527 ns
    Info: + Longest clock path from clock "clk" to source register is 2.721 ns
        Info: 1: + IC(0.000 ns) + CELL(1.100 ns) = 1.100 ns; Loc. = PIN_17; Fanout = 1; CLK Node = 'clk'
        Info: 2: + IC(0.143 ns) + CELL(0.000 ns) = 1.243 ns; Loc. = CLKCTRL_G2; Fanout = 3; COMB Node = 'clk~clkctrl'
        Info: 3: + IC(0.812 ns) + CELL(0.666 ns) = 2.721 ns; Loc. = LCFF_X1_Y6_N27; Fanout = 4; REG Node = '74161:inst|f74161:sub|9'
        Info: Total cell delay = 1.766 ns ( 64.90 % )
        Info: Total interconnect delay = 0.955 ns ( 35.10 % )
    Info: + Micro clock to output delay of source is 0.304 ns
    Info: + Longest register to pin delay is 4.502 ns
        Info: 1: + IC(0.000 ns) + CELL(0.000 ns) = 0.000 ns; Loc. = LCFF_X1_Y6_N27; Fanout = 4; REG Node = '74161:inst|f74161:sub|9'
        Info: 2: + IC(1.446 ns) + CELL(3.056 ns) = 4.502 ns; Loc. = PIN_9; Fanout = 0; PIN Node = 'q[0]'
        Info: Total cell delay = 3.056 ns ( 67.88 % )
        Info: Total interconnect delay = 1.446 ns ( 32.12 % )
Info: Quartus II Classic Timing Analyzer was successful. 0 errors, 1 warning
    Info: Peak virtual memory: 190 megabytes
    Info: Processing ended: Fri May 07 08:30:59 2021
    Info: Elapsed time: 00:00:01
    Info: Total CPU time (on all processors): 00:00:00


