Flow report for dds_top
Sun Apr 25 10:30:02 2021
Quartus II Version 9.0 Build 184 04/29/2009 Service Pack 1 SJ Web Edition


---------------------
; Table of Contents ;
---------------------
  1. Legal Notice
  2. Flow Summary
  3. Flow Settings
  4. Flow Non-Default Global Settings
  5. Flow Elapsed Time
  6. Flow OS Summary
  7. Flow Log



----------------
; Legal Notice ;
----------------
Copyright (C) 1991-2009 Altera Corporation
Your use of Altera Corporation's design tools, logic functions 
and other software and tools, and its AMPP partner logic 
functions, and any output files from any of the foregoing 
(including device programming or simulation files), and any 
associated documentation or information are expressly subject 
to the terms and conditions of the Altera Program License 
Subscription Agreement, Altera MegaCore Function License 
Agreement, or other applicable license agreement, including, 
without limitation, that your use is for the sole purpose of 
programming logic devices manufactured by Altera and sold by 
Altera or its authorized distributors.  Please refer to the 
applicable agreement for further details.



+------------------------------------------------------------------------+
; Flow Summary                                                           ;
+-------------------------+----------------------------------------------+
; Flow Status             ; Successful - Sun Apr 25 10:30:02 2021        ;
; Quartus II Version      ; 9.0 Build 184 04/29/2009 SP 1 SJ Web Edition ;
; Revision Name           ; dds_top                                      ;
; Top-level Entity Name   ; dds_top                                      ;
; Family                  ; FLEX10K                                      ;
; Device                  ; EPF10K70RC240-3                              ;
; Timing Models           ; Final                                        ;
; Met timing requirements ; Yes                                          ;
; Total logic elements    ; 88 / 3,744 ( 2 % )                           ;
; Total pins              ; 39 / 189 ( 21 % )                            ;
; Total memory bits       ; 8,192 / 18,432 ( 44 % )                      ;
+-------------------------+----------------------------------------------+


+-----------------------------------------+
; Flow Settings                           ;
+-------------------+---------------------+
; Option            ; Setting             ;
+-------------------+---------------------+
; Start date & time ; 04/25/2021 10:29:55 ;
; Main task         ; Compilation         ;
; Revision Name     ; dds_top             ;
+-------------------+---------------------+


+---------------------------------------------------------------------------------------------------------------------------------+
; Flow Non-Default Global Settings                                                                                                ;
+------------------------------------+------------------------------+------------------------------+-------------+----------------+
; Assignment Name                    ; Value                        ; Default Value                ; Entity Name ; Section Id     ;
+------------------------------------+------------------------------+------------------------------+-------------+----------------+
; COMPILER_SIGNATURE_ID              ; 186419597866.161931779518768 ; --                           ; --          ; --             ;
; FITTER_EFFORT                      ; Standard Fit                 ; Auto Fit                     ; --          ; --             ;
; INCREMENTAL_COMPILATION            ; Off                          ; FULL_INCREMENTAL_COMPILATION ; --          ; --             ;
; PARTITION_COLOR                    ; 16764057                     ; --                           ; --          ; Top            ;
; PARTITION_NETLIST_TYPE             ; SOURCE                       ; --                           ; --          ; Top            ;
; USE_GENERATED_PHYSICAL_CONSTRAINTS ; Off                          ; --                           ; --          ; eda_blast_fpga ;
+------------------------------------+------------------------------+------------------------------+-------------+----------------+


+-----------------------------------------------------------------------------------------------------------------------------+
; Flow Elapsed Time                                                                                                           ;
+-------------------------+--------------+-------------------------+---------------------+------------------------------------+
; Module Name             ; Elapsed Time ; Average Processors Used ; Peak Virtual Memory ; Total CPU Time (on all processors) ;
+-------------------------+--------------+-------------------------+---------------------+------------------------------------+
; Analysis & Synthesis    ; 00:00:01     ; 1.0                     ; 252 MB              ; 00:00:01                           ;
; Fitter                  ; 00:00:02     ; 1.0                     ; 236 MB              ; 00:00:02                           ;
; Assembler               ; 00:00:00     ; 1.0                     ; 218 MB              ; 00:00:00                           ;
; Classic Timing Analyzer ; 00:00:00     ; 1.0                     ; 185 MB              ; 00:00:00                           ;
; Total                   ; 00:00:03     ; --                      ; --                  ; 00:00:03                           ;
+-------------------------+--------------+-------------------------+---------------------+------------------------------------+


+------------------------------------------------------------------------------------------+
; Flow OS Summary                                                                          ;
+-------------------------+------------------+---------------+------------+----------------+
; Module Name             ; Machine Hostname ; OS Name       ; OS Version ; Processor type ;
+-------------------------+------------------+---------------+------------+----------------+
; Analysis & Synthesis    ; LAPTOP-P8EMT48L  ; Windows Vista ; 6.2        ; x86_64         ;
; Fitter                  ; LAPTOP-P8EMT48L  ; Windows Vista ; 6.2        ; x86_64         ;
; Assembler               ; LAPTOP-P8EMT48L  ; Windows Vista ; 6.2        ; x86_64         ;
; Classic Timing Analyzer ; LAPTOP-P8EMT48L  ; Windows Vista ; 6.2        ; x86_64         ;
+-------------------------+------------------+---------------+------------+----------------+


------------
; Flow Log ;
------------
quartus_map --read_settings_files=on --write_settings_files=off dds_top -c dds_top
quartus_fit --read_settings_files=off --write_settings_files=off dds_top -c dds_top
quartus_asm --read_settings_files=off --write_settings_files=off dds_top -c dds_top
quartus_tan --read_settings_files=off --write_settings_files=off dds_top -c dds_top



