Classic Timing Analyzer report for FIFOcontrol
Mon May 17 19:52:26 2021
Quartus II Version 9.0 Build 184 04/29/2009 Service Pack 1 SJ Web Edition


---------------------
; Table of Contents ;
---------------------
  1. Legal Notice
  2. Timing Analyzer Summary
  3. Timing Analyzer Settings
  4. Clock Settings Summary
  5. Parallel Compilation
  6. Clock Setup: 'clock'
  7. tsu
  8. tco
  9. th
 10. Timing Analyzer Messages



----------------
; Legal Notice ;
----------------
Copyright (C) 1991-2009 Altera Corporation
Your use of Altera Corporation's design tools, logic functions 
and other software and tools, and its AMPP partner logic 
functions, and any output files from any of the foregoing 
(including device programming or simulation files), and any 
associated documentation or information are expressly subject 
to the terms and conditions of the Altera Program License 
Subscription Agreement, Altera MegaCore Function License 
Agreement, or other applicable license agreement, including, 
without limitation, that your use is for the sole purpose of 
programming logic devices manufactured by Altera and sold by 
Altera or its authorized distributors.  Please refer to the 
applicable agreement for further details.



+-------------------------------------------------------------------------------------------------------------------------------------------------------------------------------+
; Timing Analyzer Summary                                                                                                                                                       ;
+------------------------------+-------+---------------+------------------------------------------------+-------------+------------------+------------+----------+--------------+
; Type                         ; Slack ; Required Time ; Actual Time                                    ; From        ; To               ; From Clock ; To Clock ; Failed Paths ;
+------------------------------+-------+---------------+------------------------------------------------+-------------+------------------+------------+----------+--------------+
; Worst-case tsu               ; N/A   ; None          ; 4.656 ns                                       ; wrfull_1    ; fstate.r1w2      ; --         ; clock    ; 0            ;
; Worst-case tco               ; N/A   ; None          ; 7.561 ns                                       ; fstate.r1w2 ; wr1              ; clock      ; --       ; 0            ;
; Worst-case th                ; N/A   ; None          ; 0.289 ns                                       ; rdempty_1   ; fstate.initial_1 ; --         ; clock    ; 0            ;
; Clock Setup: 'clock'         ; N/A   ; None          ; Restricted to 340.02 MHz ( period = 2.941 ns ) ; fstate.w1   ; fstate.r1w2      ; clock      ; clock    ; 0            ;
; Total number of failed paths ;       ;               ;                                                ;             ;                  ;            ;          ; 0            ;
+------------------------------+-------+---------------+------------------------------------------------+-------------+------------------+------------+----------+--------------+


+--------------------------------------------------------------------------------------------------------------------+
; Timing Analyzer Settings                                                                                           ;
+---------------------------------------------------------------------+--------------------+------+----+-------------+
; Option                                                              ; Setting            ; From ; To ; Entity Name ;
+---------------------------------------------------------------------+--------------------+------+----+-------------+
; Device Name                                                         ; EP2C5T144C8        ;      ;    ;             ;
; Timing Models                                                       ; Final              ;      ;    ;             ;
; Default hold multicycle                                             ; Same as Multicycle ;      ;    ;             ;
; Cut paths between unrelated clock domains                           ; On                 ;      ;    ;             ;
; Cut off read during write signal paths                              ; On                 ;      ;    ;             ;
; Cut off feedback from I/O pins                                      ; On                 ;      ;    ;             ;
; Report Combined Fast/Slow Timing                                    ; Off                ;      ;    ;             ;
; Ignore Clock Settings                                               ; Off                ;      ;    ;             ;
; Analyze latches as synchronous elements                             ; On                 ;      ;    ;             ;
; Enable Recovery/Removal analysis                                    ; Off                ;      ;    ;             ;
; Enable Clock Latency                                                ; Off                ;      ;    ;             ;
; Use TimeQuest Timing Analyzer                                       ; Off                ;      ;    ;             ;
; Minimum Core Junction Temperature                                   ; 0                  ;      ;    ;             ;
; Maximum Core Junction Temperature                                   ; 85                 ;      ;    ;             ;
; Number of source nodes to report per destination node               ; 10                 ;      ;    ;             ;
; Number of destination nodes to report                               ; 10                 ;      ;    ;             ;
; Number of paths to report                                           ; 200                ;      ;    ;             ;
; Report Minimum Timing Checks                                        ; Off                ;      ;    ;             ;
; Use Fast Timing Models                                              ; Off                ;      ;    ;             ;
; Report IO Paths Separately                                          ; Off                ;      ;    ;             ;
; Perform Multicorner Analysis                                        ; On                 ;      ;    ;             ;
; Reports the worst-case path for each clock domain and analysis      ; Off                ;      ;    ;             ;
; Removes common clock path pessimism (CCPP) during slack computation ; Off                ;      ;    ;             ;
; Output I/O Timing Endpoint                                          ; Near End           ;      ;    ;             ;
+---------------------------------------------------------------------+--------------------+------+----+-------------+


+------------------------------------------------------------------------------------------------------------------------------------------------------------------------------------+
; Clock Settings Summary                                                                                                                                                             ;
+-----------------+--------------------+----------+------------------+---------------+--------------+----------+-----------------------+---------------------+--------+--------------+
; Clock Node Name ; Clock Setting Name ; Type     ; Fmax Requirement ; Early Latency ; Late Latency ; Based on ; Multiply Base Fmax by ; Divide Base Fmax by ; Offset ; Phase offset ;
+-----------------+--------------------+----------+------------------+---------------+--------------+----------+-----------------------+---------------------+--------+--------------+
; clock           ;                    ; User Pin ; None             ; 0.000 ns      ; 0.000 ns     ; --       ; N/A                   ; N/A                 ; N/A    ;              ;
+-----------------+--------------------+----------+------------------+---------------+--------------+----------+-----------------------+---------------------+--------+--------------+


Parallel compilation was disabled, but you have multiple processors available. Enable parallel compilation to reduce compilation time.
+-------------------------------------+
; Parallel Compilation                ;
+----------------------------+--------+
; Processors                 ; Number ;
+----------------------------+--------+
; Number detected on machine ; 6      ;
; Maximum allowed            ; 1      ;
+----------------------------+--------+


+----------------------------------------------------------------------------------------------------------------------------------------------------------------------------------------------------------+
; Clock Setup: 'clock'                                                                                                                                                                                     ;
+-------+------------------------------------------------+------------------+------------------+------------+----------+-----------------------------+---------------------------+-------------------------+
; Slack ; Actual fmax (period)                           ; From             ; To               ; From Clock ; To Clock ; Required Setup Relationship ; Required Longest P2P Time ; Actual Longest P2P Time ;
+-------+------------------------------------------------+------------------+------------------+------------+----------+-----------------------------+---------------------------+-------------------------+
; N/A   ; Restricted to 340.02 MHz ( period = 2.941 ns ) ; fstate.w1        ; fstate.r1w2      ; clock      ; clock    ; None                        ; None                      ; 1.429 ns                ;
; N/A   ; Restricted to 340.02 MHz ( period = 2.941 ns ) ; fstate.w1r2      ; fstate.r1w2      ; clock      ; clock    ; None                        ; None                      ; 1.318 ns                ;
; N/A   ; Restricted to 340.02 MHz ( period = 2.941 ns ) ; fstate.initial_1 ; fstate.w1        ; clock      ; clock    ; None                        ; None                      ; 1.216 ns                ;
; N/A   ; Restricted to 340.02 MHz ( period = 2.941 ns ) ; fstate.r1w2      ; fstate.w1r2      ; clock      ; clock    ; None                        ; None                      ; 0.774 ns                ;
; N/A   ; Restricted to 340.02 MHz ( period = 2.941 ns ) ; fstate.r1w2      ; fstate.r1w2      ; clock      ; clock    ; None                        ; None                      ; 0.501 ns                ;
; N/A   ; Restricted to 340.02 MHz ( period = 2.941 ns ) ; fstate.w1        ; fstate.w1        ; clock      ; clock    ; None                        ; None                      ; 0.501 ns                ;
; N/A   ; Restricted to 340.02 MHz ( period = 2.941 ns ) ; fstate.w1r2      ; fstate.w1r2      ; clock      ; clock    ; None                        ; None                      ; 0.501 ns                ;
; N/A   ; Restricted to 340.02 MHz ( period = 2.941 ns ) ; fstate.initial_1 ; fstate.initial_1 ; clock      ; clock    ; None                        ; None                      ; 0.501 ns                ;
+-------+------------------------------------------------+------------------+------------------+------------+----------+-----------------------------+---------------------------+-------------------------+


+-----------------------------------------------------------------------------+
; tsu                                                                         ;
+-------+--------------+------------+-----------+------------------+----------+
; Slack ; Required tsu ; Actual tsu ; From      ; To               ; To Clock ;
+-------+--------------+------------+-----------+------------------+----------+
; N/A   ; None         ; 4.656 ns   ; wrfull_1  ; fstate.r1w2      ; clock    ;
; N/A   ; None         ; 4.624 ns   ; wrfull_1  ; fstate.w1r2      ; clock    ;
; N/A   ; None         ; 4.237 ns   ; wrfull_1  ; fstate.w1        ; clock    ;
; N/A   ; None         ; 0.419 ns   ; wrfull_2  ; fstate.w1r2      ; clock    ;
; N/A   ; None         ; 0.406 ns   ; rdempty_1 ; fstate.w1        ; clock    ;
; N/A   ; None         ; 0.385 ns   ; wrfull_2  ; fstate.r1w2      ; clock    ;
; N/A   ; None         ; -0.023 ns  ; rdempty_1 ; fstate.initial_1 ; clock    ;
+-------+--------------+------------+-----------+------------------+----------+


+--------------------------------------------------------------------+
; tco                                                                ;
+-------+--------------+------------+-------------+-----+------------+
; Slack ; Required tco ; Actual tco ; From        ; To  ; From Clock ;
+-------+--------------+------------+-------------+-----+------------+
; N/A   ; None         ; 7.561 ns   ; fstate.r1w2 ; wr1 ; clock      ;
; N/A   ; None         ; 7.239 ns   ; fstate.w1r2 ; rd2 ; clock      ;
; N/A   ; None         ; 7.237 ns   ; fstate.r1w2 ; rd1 ; clock      ;
; N/A   ; None         ; 7.237 ns   ; fstate.r1w2 ; wr2 ; clock      ;
+-------+--------------+------------+-------------+-----+------------+


+-----------------------------------------------------------------------------------+
; th                                                                                ;
+---------------+-------------+-----------+-----------+------------------+----------+
; Minimum Slack ; Required th ; Actual th ; From      ; To               ; To Clock ;
+---------------+-------------+-----------+-----------+------------------+----------+
; N/A           ; None        ; 0.289 ns  ; rdempty_1 ; fstate.initial_1 ; clock    ;
; N/A           ; None        ; -0.119 ns ; wrfull_2  ; fstate.r1w2      ; clock    ;
; N/A           ; None        ; -0.140 ns ; rdempty_1 ; fstate.w1        ; clock    ;
; N/A           ; None        ; -0.153 ns ; wrfull_2  ; fstate.w1r2      ; clock    ;
; N/A           ; None        ; -3.971 ns ; wrfull_1  ; fstate.w1        ; clock    ;
; N/A           ; None        ; -4.358 ns ; wrfull_1  ; fstate.w1r2      ; clock    ;
; N/A           ; None        ; -4.390 ns ; wrfull_1  ; fstate.r1w2      ; clock    ;
+---------------+-------------+-----------+-----------+------------------+----------+


+--------------------------+
; Timing Analyzer Messages ;
+--------------------------+
Info: *******************************************************************
Info: Running Quartus II Classic Timing Analyzer
    Info: Version 9.0 Build 184 04/29/2009 Service Pack 1 SJ Web Edition
    Info: Processing started: Mon May 17 19:52:26 2021
Info: Command: quartus_tan --read_settings_files=off --write_settings_files=off FIFOcontrol -c FIFOcontrol --timing_analysis_only
Warning: Found pins functioning as undefined clocks and/or memory enables
    Info: Assuming node "clock" is an undefined clock
Info: Clock "clock" Internal fmax is restricted to 340.02 MHz between source register "fstate.w1" and destination register "fstate.r1w2"
    Info: fmax restricted to clock pin edge rate 2.941 ns. Expand message to see actual delay path.
        Info: + Longest register to register delay is 1.429 ns
            Info: 1: + IC(0.000 ns) + CELL(0.000 ns) = 0.000 ns; Loc. = LCFF_X1_Y13_N5; Fanout = 2; REG Node = 'fstate.w1'
            Info: 2: + IC(0.435 ns) + CELL(0.319 ns) = 0.754 ns; Loc. = LCCOMB_X1_Y13_N30; Fanout = 1; COMB Node = 'Selector1~0'
            Info: 3: + IC(0.361 ns) + CELL(0.206 ns) = 1.321 ns; Loc. = LCCOMB_X1_Y13_N0; Fanout = 1; COMB Node = 'Selector1~1'
            Info: 4: + IC(0.000 ns) + CELL(0.108 ns) = 1.429 ns; Loc. = LCFF_X1_Y13_N1; Fanout = 5; REG Node = 'fstate.r1w2'
            Info: Total cell delay = 0.633 ns ( 44.30 % )
            Info: Total interconnect delay = 0.796 ns ( 55.70 % )
        Info: - Smallest clock skew is 0.000 ns
            Info: + Shortest clock path from clock "clock" to destination register is 2.754 ns
                Info: 1: + IC(0.000 ns) + CELL(1.100 ns) = 1.100 ns; Loc. = PIN_17; Fanout = 1; CLK Node = 'clock'
                Info: 2: + IC(0.143 ns) + CELL(0.000 ns) = 1.243 ns; Loc. = CLKCTRL_G2; Fanout = 4; COMB Node = 'clock~clkctrl'
                Info: 3: + IC(0.845 ns) + CELL(0.666 ns) = 2.754 ns; Loc. = LCFF_X1_Y13_N1; Fanout = 5; REG Node = 'fstate.r1w2'
                Info: Total cell delay = 1.766 ns ( 64.12 % )
                Info: Total interconnect delay = 0.988 ns ( 35.88 % )
            Info: - Longest clock path from clock "clock" to source register is 2.754 ns
                Info: 1: + IC(0.000 ns) + CELL(1.100 ns) = 1.100 ns; Loc. = PIN_17; Fanout = 1; CLK Node = 'clock'
                Info: 2: + IC(0.143 ns) + CELL(0.000 ns) = 1.243 ns; Loc. = CLKCTRL_G2; Fanout = 4; COMB Node = 'clock~clkctrl'
                Info: 3: + IC(0.845 ns) + CELL(0.666 ns) = 2.754 ns; Loc. = LCFF_X1_Y13_N5; Fanout = 2; REG Node = 'fstate.w1'
                Info: Total cell delay = 1.766 ns ( 64.12 % )
                Info: Total interconnect delay = 0.988 ns ( 35.88 % )
        Info: + Micro clock to output delay of source is 0.304 ns
        Info: + Micro setup delay of destination is -0.040 ns
Info: tsu for register "fstate.r1w2" (data pin = "wrfull_1", clock pin = "clock") is 4.656 ns
    Info: + Longest pin to register delay is 7.450 ns
        Info: 1: + IC(0.000 ns) + CELL(0.964 ns) = 0.964 ns; Loc. = PIN_143; Fanout = 3; PIN Node = 'wrfull_1'
        Info: 2: + IC(5.762 ns) + CELL(0.616 ns) = 7.342 ns; Loc. = LCCOMB_X1_Y13_N0; Fanout = 1; COMB Node = 'Selector1~1'
        Info: 3: + IC(0.000 ns) + CELL(0.108 ns) = 7.450 ns; Loc. = LCFF_X1_Y13_N1; Fanout = 5; REG Node = 'fstate.r1w2'
        Info: Total cell delay = 1.688 ns ( 22.66 % )
        Info: Total interconnect delay = 5.762 ns ( 77.34 % )
    Info: + Micro setup delay of destination is -0.040 ns
    Info: - Shortest clock path from clock "clock" to destination register is 2.754 ns
        Info: 1: + IC(0.000 ns) + CELL(1.100 ns) = 1.100 ns; Loc. = PIN_17; Fanout = 1; CLK Node = 'clock'
        Info: 2: + IC(0.143 ns) + CELL(0.000 ns) = 1.243 ns; Loc. = CLKCTRL_G2; Fanout = 4; COMB Node = 'clock~clkctrl'
        Info: 3: + IC(0.845 ns) + CELL(0.666 ns) = 2.754 ns; Loc. = LCFF_X1_Y13_N1; Fanout = 5; REG Node = 'fstate.r1w2'
        Info: Total cell delay = 1.766 ns ( 64.12 % )
        Info: Total interconnect delay = 0.988 ns ( 35.88 % )
Info: tco from clock "clock" to destination pin "wr1" through register "fstate.r1w2" is 7.561 ns
    Info: + Longest clock path from clock "clock" to source register is 2.754 ns
        Info: 1: + IC(0.000 ns) + CELL(1.100 ns) = 1.100 ns; Loc. = PIN_17; Fanout = 1; CLK Node = 'clock'
        Info: 2: + IC(0.143 ns) + CELL(0.000 ns) = 1.243 ns; Loc. = CLKCTRL_G2; Fanout = 4; COMB Node = 'clock~clkctrl'
        Info: 3: + IC(0.845 ns) + CELL(0.666 ns) = 2.754 ns; Loc. = LCFF_X1_Y13_N1; Fanout = 5; REG Node = 'fstate.r1w2'
        Info: Total cell delay = 1.766 ns ( 64.12 % )
        Info: Total interconnect delay = 0.988 ns ( 35.88 % )
    Info: + Micro clock to output delay of source is 0.304 ns
    Info: + Longest register to pin delay is 4.503 ns
        Info: 1: + IC(0.000 ns) + CELL(0.000 ns) = 0.000 ns; Loc. = LCFF_X1_Y13_N1; Fanout = 5; REG Node = 'fstate.r1w2'
        Info: 2: + IC(1.437 ns) + CELL(3.066 ns) = 4.503 ns; Loc. = PIN_26; Fanout = 0; PIN Node = 'wr1'
        Info: Total cell delay = 3.066 ns ( 68.09 % )
        Info: Total interconnect delay = 1.437 ns ( 31.91 % )
Info: th for register "fstate.initial_1" (data pin = "rdempty_1", clock pin = "clock") is 0.289 ns
    Info: + Longest clock path from clock "clock" to destination register is 2.754 ns
        Info: 1: + IC(0.000 ns) + CELL(1.100 ns) = 1.100 ns; Loc. = PIN_17; Fanout = 1; CLK Node = 'clock'
        Info: 2: + IC(0.143 ns) + CELL(0.000 ns) = 1.243 ns; Loc. = CLKCTRL_G2; Fanout = 4; COMB Node = 'clock~clkctrl'
        Info: 3: + IC(0.845 ns) + CELL(0.666 ns) = 2.754 ns; Loc. = LCFF_X1_Y13_N25; Fanout = 2; REG Node = 'fstate.initial_1'
        Info: Total cell delay = 1.766 ns ( 64.12 % )
        Info: Total interconnect delay = 0.988 ns ( 35.88 % )
    Info: + Micro hold delay of destination is 0.306 ns
    Info: - Shortest pin to register delay is 2.771 ns
        Info: 1: + IC(0.000 ns) + CELL(1.100 ns) = 1.100 ns; Loc. = PIN_22; Fanout = 2; PIN Node = 'rdempty_1'
        Info: 2: + IC(1.357 ns) + CELL(0.206 ns) = 2.663 ns; Loc. = LCCOMB_X1_Y13_N24; Fanout = 1; COMB Node = 'fstate.initial_1~1'
        Info: 3: + IC(0.000 ns) + CELL(0.108 ns) = 2.771 ns; Loc. = LCFF_X1_Y13_N25; Fanout = 2; REG Node = 'fstate.initial_1'
        Info: Total cell delay = 1.414 ns ( 51.03 % )
        Info: Total interconnect delay = 1.357 ns ( 48.97 % )
Info: Quartus II Classic Timing Analyzer was successful. 0 errors, 1 warning
    Info: Peak virtual memory: 190 megabytes
    Info: Processing ended: Mon May 17 19:52:26 2021
    Info: Elapsed time: 00:00:00
    Info: Total CPU time (on all processors): 00:00:00


