Flow report for yibu
Mon May 17 11:24:13 2021
Quartus II Version 9.0 Build 184 04/29/2009 Service Pack 1 SJ Web Edition


---------------------
; Table of Contents ;
---------------------
  1. Legal Notice
  2. Flow Summary
  3. Flow Settings
  4. Flow Non-Default Global Settings
  5. Flow Elapsed Time
  6. Flow OS Summary
  7. Flow Log



----------------
; Legal Notice ;
----------------
Copyright (C) 1991-2009 Altera Corporation
Your use of Altera Corporation's design tools, logic functions 
and other software and tools, and its AMPP partner logic 
functions, and any output files from any of the foregoing 
(including device programming or simulation files), and any 
associated documentation or information are expressly subject 
to the terms and conditions of the Altera Program License 
Subscription Agreement, Altera MegaCore Function License 
Agreement, or other applicable license agreement, including, 
without limitation, that your use is for the sole purpose of 
programming logic devices manufactured by Altera and sold by 
Altera or its authorized distributors.  Please refer to the 
applicable agreement for further details.



+-----------------------------------------------------------------------------------+
; Flow Summary                                                                      ;
+------------------------------------+----------------------------------------------+
; Flow Status                        ; Successful - Mon May 17 11:24:13 2021        ;
; Quartus II Version                 ; 9.0 Build 184 04/29/2009 SP 1 SJ Web Edition ;
; Revision Name                      ; yibu                                         ;
; Top-level Entity Name              ; yibu                                         ;
; Family                             ; Cyclone II                                   ;
; Met timing requirements            ; Yes                                          ;
; Total logic elements               ; 89 / 4,608 ( 2 % )                           ;
;     Total combinational functions  ; 41 / 4,608 ( < 1 % )                         ;
;     Dedicated logic registers      ; 80 / 4,608 ( 2 % )                           ;
; Total registers                    ; 80                                           ;
; Total pins                         ; 86 / 158 ( 54 % )                            ;
; Total virtual pins                 ; 0                                            ;
; Total memory bits                  ; 8,192 / 119,808 ( 7 % )                      ;
; Embedded Multiplier 9-bit elements ; 0 / 26 ( 0 % )                               ;
; Total PLLs                         ; 0 / 2 ( 0 % )                                ;
; Device                             ; EP2C5F256C6                                  ;
; Timing Models                      ; Final                                        ;
+------------------------------------+----------------------------------------------+


+-----------------------------------------+
; Flow Settings                           ;
+-------------------+---------------------+
; Option            ; Setting             ;
+-------------------+---------------------+
; Start date & time ; 05/17/2021 11:24:05 ;
; Main task         ; Compilation         ;
; Revision Name     ; yibu                ;
+-------------------+---------------------+


+------------------------------------------------------------------------------------------------------------------+
; Flow Non-Default Global Settings                                                                                 ;
+------------------------------------+------------------------------+---------------+-------------+----------------+
; Assignment Name                    ; Value                        ; Default Value ; Entity Name ; Section Id     ;
+------------------------------------+------------------------------+---------------+-------------+----------------+
; COMPILER_SIGNATURE_ID              ; 186419597866.162122184412708 ; --            ; --          ; --             ;
; IP_TOOL_NAME                       ; FIFO                         ; --            ; --          ; --             ;
; IP_TOOL_VERSION                    ; 9.0                          ; --            ; --          ; --             ;
; MISC_FILE                          ; yibu.bsf                     ; --            ; --          ; --             ;
; MISC_FILE                          ; yibu_inst.vhd                ; --            ; --          ; --             ;
; MISC_FILE                          ; yibu.inc                     ; --            ; --          ; --             ;
; PARTITION_COLOR                    ; 16764057                     ; --            ; --          ; Top            ;
; PARTITION_NETLIST_TYPE             ; SOURCE                       ; --            ; --          ; Top            ;
; USE_GENERATED_PHYSICAL_CONSTRAINTS ; Off                          ; --            ; --          ; eda_blast_fpga ;
+------------------------------------+------------------------------+---------------+-------------+----------------+


+-----------------------------------------------------------------------------------------------------------------------------+
; Flow Elapsed Time                                                                                                           ;
+-------------------------+--------------+-------------------------+---------------------+------------------------------------+
; Module Name             ; Elapsed Time ; Average Processors Used ; Peak Virtual Memory ; Total CPU Time (on all processors) ;
+-------------------------+--------------+-------------------------+---------------------+------------------------------------+
; Analysis & Synthesis    ; 00:00:02     ; 1.0                     ; 246 MB              ; 00:00:02                           ;
; Fitter                  ; 00:00:02     ; 1.0                     ; 252 MB              ; 00:00:02                           ;
; Assembler               ; 00:00:00     ; 1.0                     ; 213 MB              ; 00:00:01                           ;
; Classic Timing Analyzer ; 00:00:00     ; 1.0                     ; 178 MB              ; 00:00:00                           ;
; Total                   ; 00:00:04     ; --                      ; --                  ; 00:00:05                           ;
+-------------------------+--------------+-------------------------+---------------------+------------------------------------+


+------------------------------------------------------------------------------------------+
; Flow OS Summary                                                                          ;
+-------------------------+------------------+---------------+------------+----------------+
; Module Name             ; Machine Hostname ; OS Name       ; OS Version ; Processor type ;
+-------------------------+------------------+---------------+------------+----------------+
; Analysis & Synthesis    ; LAPTOP-P8EMT48L  ; Windows Vista ; 6.2        ; x86_64         ;
; Fitter                  ; LAPTOP-P8EMT48L  ; Windows Vista ; 6.2        ; x86_64         ;
; Assembler               ; LAPTOP-P8EMT48L  ; Windows Vista ; 6.2        ; x86_64         ;
; Classic Timing Analyzer ; LAPTOP-P8EMT48L  ; Windows Vista ; 6.2        ; x86_64         ;
+-------------------------+------------------+---------------+------------+----------------+


------------
; Flow Log ;
------------
quartus_map --read_settings_files=on --write_settings_files=off yibu -c yibu
quartus_fit --read_settings_files=off --write_settings_files=off yibu -c yibu
quartus_asm --read_settings_files=off --write_settings_files=off yibu -c yibu
quartus_tan --read_settings_files=off --write_settings_files=off yibu -c yibu --timing_analysis_only



